[2025-10-15 13:19:42] === alert_rtk run ===
[2025-10-15 13:19:42] BASE_RTK_DIR     = /home/autoproc01/DeforMA/database
[2025-10-15 13:19:42] WORKPOOL_DIR     = /home/autoproc01/DeforMA/workpool
[2025-10-15 13:19:42] OUT_DAILY_ROOT   = /home/autoproc01/DeforMA/workpool/alert_rtk/daily
[2025-10-15 13:19:42] BASELINES_YAML   = /home/autoproc01/DeforMA/metadata/baselines.yaml
[2025-10-15 13:19:42] method=mean gzip_days=2
[2025-10-15 13:19:42] ALTA-PPAD: updated ALTA-PPAD_25288.RTK (minute 2025-10-15 12:47)
[2025-10-15 13:19:42] ALTA-PPAD: updated ALTA-PPAD_25288.RTK (minute 2025-10-15 12:48)
[2025-10-15 13:19:42] ALTA-PPAD: updated ALTA-PPAD_25288.RTK (minute 2025-10-15 12:49)
[2025-10-15 13:19:42] ALTA-PPAD: updated ALTA-PPAD_25288.RTK (minute 2025-10-15 12:50)
[2025-10-15 13:19:42] ALTA-PPAD: updated ALTA-PPAD_25288.RTK (minute 2025-10-15 12:51)
[2025-10-15 13:19:42] ALTA-PPAD: updated ALTA-PPAD_25288.RTK (minute 2025-10-15 12:52)
[2025-10-15 13:19:42] ALTA-PPAD: updated ALTA-PPAD_25288.RTK (minute 2025-10-15 12:53)
[2025-10-15 13:19:42] ALTA-PPAD: updated ALTA-PPAD_25288.RTK (minute 2025-10-15 12:54)
[2025-10-15 13:19:42] ALTA-PPAD: updated ALTA-PPAD_25288.RTK (minute 2025-10-15 12:55)
[2025-10-15 13:19:42] ALTA-PPAD: updated ALTA-PPAD_25288.RTK (minute 2025-10-15 12:56)
[2025-10-15 13:19:42] ALTA-PPAD: updated ALTA-PPAD_25288.RTK (minute 2025-10-15 12:57)
[2025-10-15 13:19:42] ALTA-PPAD: updated ALTA-PPAD_25288.RTK (minute 2025-10-15 12:58)
[2025-10-15 13:19:42] ALTA-PPAD: updated ALTA-PPAD_25288.RTK (minute 2025-10-15 12:59)
[2025-10-15 13:19:42] ALTA-PPAD: updated ALTA-PPAD_25288.RTK (minute 2025-10-15 13:00)
[2025-10-15 13:19:42] ALTA-PPAD: updated ALTA-PPAD_25288.RTK (minute 2025-10-15 13:01)
[2025-10-15 13:19:42] ALTA-PPAD: updated ALTA-PPAD_25288.RTK (minute 2025-10-15 13:02)
[2025-10-15 13:19:42] ALTA-PPAD: updated ALTA-PPAD_25288.RTK (minute 2025-10-15 13:03)
[2025-10-15 13:19:42] ALTA-PPAD: updated ALTA-PPAD_25288.RTK (minute 2025-10-15 13:04)
[2025-10-15 13:19:42] ALTA-PPAD: updated ALTA-PPAD_25288.RTK (minute 2025-10-15 13:05)
[2025-10-15 13:19:42] ALTA-PPAD: updated ALTA-PPAD_25288.RTK (minute 2025-10-15 13:06)
[2025-10-15 13:19:42] ALTA-PPAD: updated ALTA-PPAD_25288.RTK (minute 2025-10-15 13:07)
[2025-10-15 13:19:42] ALTA-PPAD: updated ALTA-PPAD_25288.RTK (minute 2025-10-15 13:08)
[2025-10-15 13:19:42] ALTA-PPAD: updated ALTA-PPAD_25288.RTK (minute 2025-10-15 13:09)
[2025-10-15 13:19:42] ALTA-PPAD: updated ALTA-PPAD_25288.RTK (minute 2025-10-15 13:10)
[2025-10-15 13:19:42] ALTA-PPAD: updated ALTA-PPAD_25288.RTK (minute 2025-10-15 13:11)
[2025-10-15 13:19:42] ALTA-PPAD: updated ALTA-PPAD_25288.RTK (minute 2025-10-15 13:12)
[2025-10-15 13:19:42] ALTA-PPAD: updated ALTA-PPAD_25288.RTK (minute 2025-10-15 13:13)
[2025-10-15 13:19:42] ALTA-PPAD: updated ALTA-PPAD_25288.RTK (minute 2025-10-15 13:14)
[2025-10-15 13:19:42] ALTA-PPAD: updated ALTA-PPAD_25288.RTK (minute 2025-10-15 13:15)
[2025-10-15 13:19:42] ALTA-PPAD: updated ALTA-PPAD_25288.RTK (minute 2025-10-15 13:16)
[2025-10-15 13:19:42] ALTA-PPAD: updated ALTA-PPAD_25288.RTK (minute 2025-10-15 13:17)
[2025-10-15 13:19:42] ALTA-PPAD: updated ALTA-PPAD_25288.RTK (minute 2025-10-15 13:18)
[2025-10-15 13:19:42] ALTA-PPAD: updated ALTA-PPAD_25288.RTK (minute 2025-10-15 13:19)
[2025-10-15 13:19:42] CISB-GTM3: updated CISB-GTM3_25288.RTK (minute 2025-10-15 12:49)
[2025-10-15 13:19:42] CISB-GTM3: updated CISB-GTM3_25288.RTK (minute 2025-10-15 12:50)
[2025-10-15 13:19:42] CISB-GTM3: updated CISB-GTM3_25288.RTK (minute 2025-10-15 12:51)
[2025-10-15 13:19:42] CISB-GTM3: updated CISB-GTM3_25288.RTK (minute 2025-10-15 12:52)
[2025-10-15 13:19:42] CISB-GTM3: updated CISB-GTM3_25288.RTK (minute 2025-10-15 12:53)
[2025-10-15 13:19:42] CISB-GTM3: updated CISB-GTM3_25288.RTK (minute 2025-10-15 12:54)
[2025-10-15 13:19:42] CISB-GTM3: updated CISB-GTM3_25288.RTK (minute 2025-10-15 12:55)
[2025-10-15 13:19:42] CISB-GTM3: updated CISB-GTM3_25288.RTK (minute 2025-10-15 12:56)
[2025-10-15 13:19:42] CISB-GTM3: updated CISB-GTM3_25288.RTK (minute 2025-10-15 12:57)
[2025-10-15 13:19:42] CISB-GTM3: updated CISB-GTM3_25288.RTK (minute 2025-10-15 12:58)
[2025-10-15 13:19:42] CISB-GTM3: updated CISB-GTM3_25288.RTK (minute 2025-10-15 12:59)
[2025-10-15 13:19:42] CISB-GTM3: updated CISB-GTM3_25288.RTK (minute 2025-10-15 13:00)
[2025-10-15 13:19:42] CISB-GTM3: updated CISB-GTM3_25288.RTK (minute 2025-10-15 13:01)
[2025-10-15 13:19:42] CISB-GTM3: updated CISB-GTM3_25288.RTK (minute 2025-10-15 13:02)
[2025-10-15 13:19:42] CISB-GTM3: updated CISB-GTM3_25288.RTK (minute 2025-10-15 13:03)
[2025-10-15 13:19:42] CISB-GTM3: updated CISB-GTM3_25288.RTK (minute 2025-10-15 13:04)
[2025-10-15 13:19:42] CISB-GTM3: updated CISB-GTM3_25288.RTK (minute 2025-10-15 13:05)
[2025-10-15 13:19:42] CISB-GTM3: updated CISB-GTM3_25288.RTK (minute 2025-10-15 13:06)
[2025-10-15 13:19:42] CISB-GTM3: updated CISB-GTM3_25288.RTK (minute 2025-10-15 13:07)
[2025-10-15 13:19:42] CISB-GTM3: updated CISB-GTM3_25288.RTK (minute 2025-10-15 13:08)
[2025-10-15 13:19:42] CISB-GTM3: updated CISB-GTM3_25288.RTK (minute 2025-10-15 13:09)
[2025-10-15 13:19:42] CISB-GTM3: updated CISB-GTM3_25288.RTK (minute 2025-10-15 13:10)
[2025-10-15 13:19:42] CISB-GTM3: updated CISB-GTM3_25288.RTK (minute 2025-10-15 13:11)
[2025-10-15 13:19:42] CISB-GTM3: updated CISB-GTM3_25288.RTK (minute 2025-10-15 13:12)
[2025-10-15 13:19:42] CISB-GTM3: updated CISB-GTM3_25288.RTK (minute 2025-10-15 13:13)
[2025-10-15 13:19:42] CISB-GTM3: updated CISB-GTM3_25288.RTK (minute 2025-10-15 13:14)
[2025-10-15 13:19:42] CISB-GTM3: updated CISB-GTM3_25288.RTK (minute 2025-10-15 13:15)
[2025-10-15 13:19:42] CISB-GTM3: updated CISB-GTM3_25288.RTK (minute 2025-10-15 13:16)
[2025-10-15 13:19:42] CISB-GTM3: updated CISB-GTM3_25288.RTK (minute 2025-10-15 13:17)
[2025-10-15 13:19:42] CISB-GTM3: updated CISB-GTM3_25288.RTK (minute 2025-10-15 13:18)
[2025-10-15 13:19:42] CISB-GTM3: updated CISB-GTM3_25288.RTK (minute 2025-10-15 13:19)
[2025-10-15 13:19:42] PPAD-SERR: updated PPAD-SERR_25288.RTK (minute 2025-10-15 12:48)
[2025-10-15 13:19:42] PPAD-SERR: updated PPAD-SERR_25288.RTK (minute 2025-10-15 12:49)
[2025-10-15 13:19:42] PPAD-SERR: updated PPAD-SERR_25288.RTK (minute 2025-10-15 12:50)
[2025-10-15 13:19:42] PPAD-SERR: updated PPAD-SERR_25288.RTK (minute 2025-10-15 12:51)
[2025-10-15 13:19:42] PPAD-SERR: updated PPAD-SERR_25288.RTK (minute 2025-10-15 12:52)
[2025-10-15 13:19:42] PPAD-SERR: updated PPAD-SERR_25288.RTK (minute 2025-10-15 12:53)
[2025-10-15 13:19:42] PPAD-SERR: updated PPAD-SERR_25288.RTK (minute 2025-10-15 12:54)
[2025-10-15 13:19:42] PPAD-SERR: updated PPAD-SERR_25288.RTK (minute 2025-10-15 12:55)
[2025-10-15 13:19:42] PPAD-SERR: updated PPAD-SERR_25288.RTK (minute 2025-10-15 12:56)
[2025-10-15 13:19:42] PPAD-SERR: updated PPAD-SERR_25288.RTK (minute 2025-10-15 12:57)
[2025-10-15 13:19:42] PPAD-SERR: updated PPAD-SERR_25288.RTK (minute 2025-10-15 12:58)
[2025-10-15 13:19:42] PPAD-SERR: updated PPAD-SERR_25288.RTK (minute 2025-10-15 12:59)
[2025-10-15 13:19:42] PPAD-SERR: updated PPAD-SERR_25288.RTK (minute 2025-10-15 13:00)
[2025-10-15 13:19:42] PPAD-SERR: updated PPAD-SERR_25288.RTK (minute 2025-10-15 13:01)
[2025-10-15 13:19:42] PPAD-SERR: updated PPAD-SERR_25288.RTK (minute 2025-10-15 13:02)
[2025-10-15 13:19:42] PPAD-SERR: updated PPAD-SERR_25288.RTK (minute 2025-10-15 13:03)
[2025-10-15 13:19:42] PPAD-SERR: updated PPAD-SERR_25288.RTK (minute 2025-10-15 13:04)
[2025-10-15 13:19:42] PPAD-SERR: updated PPAD-SERR_25288.RTK (minute 2025-10-15 13:05)
[2025-10-15 13:19:42] PPAD-SERR: updated PPAD-SERR_25288.RTK (minute 2025-10-15 13:06)
[2025-10-15 13:19:42] PPAD-SERR: updated PPAD-SERR_25288.RTK (minute 2025-10-15 13:07)
[2025-10-15 13:19:42] PPAD-SERR: updated PPAD-SERR_25288.RTK (minute 2025-10-15 13:08)
[2025-10-15 13:19:42] PPAD-SERR: updated PPAD-SERR_25288.RTK (minute 2025-10-15 13:09)
[2025-10-15 13:19:42] PPAD-SERR: updated PPAD-SERR_25288.RTK (minute 2025-10-15 13:10)
[2025-10-15 13:19:42] PPAD-SERR: updated PPAD-SERR_25288.RTK (minute 2025-10-15 13:11)
[2025-10-15 13:19:42] PPAD-SERR: updated PPAD-SERR_25288.RTK (minute 2025-10-15 13:12)
[2025-10-15 13:19:42] PPAD-SERR: updated PPAD-SERR_25288.RTK (minute 2025-10-15 13:13)
[2025-10-15 13:19:42] PPAD-SERR: updated PPAD-SERR_25288.RTK (minute 2025-10-15 13:14)
[2025-10-15 13:19:42] PPAD-SERR: updated PPAD-SERR_25288.RTK (minute 2025-10-15 13:15)
[2025-10-15 13:19:42] PPAD-SERR: updated PPAD-SERR_25288.RTK (minute 2025-10-15 13:16)
[2025-10-15 13:19:42] PPAD-SERR: updated PPAD-SERR_25288.RTK (minute 2025-10-15 13:17)
[2025-10-15 13:19:42] PPAD-SERR: updated PPAD-SERR_25288.RTK (minute 2025-10-15 13:18)
[2025-10-15 13:19:42] PPAD-SERR: updated PPAD-SERR_25288.RTK (minute 2025-10-15 13:19)
[2025-10-15 13:19:42] ALTA-SBAR: updated ALTA-SBAR_25288.RTK (minute 2025-10-15 12:49)
[2025-10-15 13:19:42] ALTA-SBAR: updated ALTA-SBAR_25288.RTK (minute 2025-10-15 12:50)
[2025-10-15 13:19:42] ALTA-SBAR: updated ALTA-SBAR_25288.RTK (minute 2025-10-15 12:51)
[2025-10-15 13:19:42] ALTA-SBAR: updated ALTA-SBAR_25288.RTK (minute 2025-10-15 12:52)
[2025-10-15 13:19:42] ALTA-SBAR: updated ALTA-SBAR_25288.RTK (minute 2025-10-15 12:53)
[2025-10-15 13:19:42] ALTA-SBAR: updated ALTA-SBAR_25288.RTK (minute 2025-10-15 12:54)
[2025-10-15 13:19:42] ALTA-SBAR: updated ALTA-SBAR_25288.RTK (minute 2025-10-15 12:55)
[2025-10-15 13:19:42] ALTA-SBAR: updated ALTA-SBAR_25288.RTK (minute 2025-10-15 12:56)
[2025-10-15 13:19:42] ALTA-SBAR: updated ALTA-SBAR_25288.RTK (minute 2025-10-15 12:57)
[2025-10-15 13:19:42] ALTA-SBAR: updated ALTA-SBAR_25288.RTK (minute 2025-10-15 12:58)
[2025-10-15 13:19:42] ALTA-SBAR: updated ALTA-SBAR_25288.RTK (minute 2025-10-15 12:59)
[2025-10-15 13:19:42] ALTA-SBAR: updated ALTA-SBAR_25288.RTK (minute 2025-10-15 13:00)
[2025-10-15 13:19:42] ALTA-SBAR: updated ALTA-SBAR_25288.RTK (minute 2025-10-15 13:01)
[2025-10-15 13:19:42] ALTA-SBAR: updated ALTA-SBAR_25288.RTK (minute 2025-10-15 13:02)
[2025-10-15 13:19:42] ALTA-SBAR: updated ALTA-SBAR_25288.RTK (minute 2025-10-15 13:03)
[2025-10-15 13:19:42] ALTA-SBAR: updated ALTA-SBAR_25288.RTK (minute 2025-10-15 13:04)
[2025-10-15 13:19:42] ALTA-SBAR: updated ALTA-SBAR_25288.RTK (minute 2025-10-15 13:05)
[2025-10-15 13:19:42] ALTA-SBAR: updated ALTA-SBAR_25288.RTK (minute 2025-10-15 13:06)
[2025-10-15 13:19:42] ALTA-SBAR: updated ALTA-SBAR_25288.RTK (minute 2025-10-15 13:07)
[2025-10-15 13:19:42] ALTA-SBAR: updated ALTA-SBAR_25288.RTK (minute 2025-10-15 13:08)
[2025-10-15 13:19:42] ALTA-SBAR: updated ALTA-SBAR_25288.RTK (minute 2025-10-15 13:09)
[2025-10-15 13:19:42] ALTA-SBAR: updated ALTA-SBAR_25288.RTK (minute 2025-10-15 13:10)
[2025-10-15 13:19:42] ALTA-SBAR: updated ALTA-SBAR_25288.RTK (minute 2025-10-15 13:11)
[2025-10-15 13:19:42] ALTA-SBAR: updated ALTA-SBAR_25288.RTK (minute 2025-10-15 13:12)
[2025-10-15 13:19:42] ALTA-SBAR: updated ALTA-SBAR_25288.RTK (minute 2025-10-15 13:13)
[2025-10-15 13:19:42] ALTA-SBAR: updated ALTA-SBAR_25288.RTK (minute 2025-10-15 13:14)
[2025-10-15 13:19:42] ALTA-SBAR: updated ALTA-SBAR_25288.RTK (minute 2025-10-15 13:15)
[2025-10-15 13:19:42] ALTA-SBAR: updated ALTA-SBAR_25288.RTK (minute 2025-10-15 13:16)
[2025-10-15 13:19:42] ALTA-SBAR: updated ALTA-SBAR_25288.RTK (minute 2025-10-15 13:17)
[2025-10-15 13:19:42] ALTA-SBAR: updated ALTA-SBAR_25288.RTK (minute 2025-10-15 13:18)
[2025-10-15 13:19:42] ALTA-SBAR: updated ALTA-SBAR_25288.RTK (minute 2025-10-15 13:19)
[2025-10-15 13:19:42] === alert_rtk done ===
[2025-10-15 15:51:06] === alert_rtk run ===
[2025-10-15 15:51:06] BASE_RTK_DIR     = /home/autoproc01/DeforMA/database
[2025-10-15 15:51:06] WORKPOOL_DIR     = /home/autoproc01/DeforMA/workpool
[2025-10-15 15:51:06] OUT_DAILY_ROOT   = /home/autoproc01/DeforMA/workpool/alert_rtk/daily
[2025-10-15 15:51:06] BASELINES_YAML   = /home/autoproc01/DeforMA/metadata/baselines.yaml
[2025-10-15 15:51:06] method=mean gzip_days=2
[2025-10-15 15:51:06] ALTA-PPAD: updated ALTA-PPAD_25288.RTK (minute 2025-10-15 12:47)
[2025-10-15 15:51:06] ALTA-PPAD: updated ALTA-PPAD_25288.RTK (minute 2025-10-15 12:48)
[2025-10-15 15:51:06] ALTA-PPAD: updated ALTA-PPAD_25288.RTK (minute 2025-10-15 12:49)
[2025-10-15 15:51:06] ALTA-PPAD: updated ALTA-PPAD_25288.RTK (minute 2025-10-15 12:50)
[2025-10-15 15:51:06] ALTA-PPAD: updated ALTA-PPAD_25288.RTK (minute 2025-10-15 12:51)
[2025-10-15 15:51:06] ALTA-PPAD: updated ALTA-PPAD_25288.RTK (minute 2025-10-15 12:52)
[2025-10-15 15:51:06] ALTA-PPAD: updated ALTA-PPAD_25288.RTK (minute 2025-10-15 12:53)
[2025-10-15 15:51:06] ALTA-PPAD: updated ALTA-PPAD_25288.RTK (minute 2025-10-15 12:54)
[2025-10-15 15:51:06] ALTA-PPAD: updated ALTA-PPAD_25288.RTK (minute 2025-10-15 12:55)
[2025-10-15 15:51:06] ALTA-PPAD: updated ALTA-PPAD_25288.RTK (minute 2025-10-15 12:56)
[2025-10-15 15:51:06] ALTA-PPAD: updated ALTA-PPAD_25288.RTK (minute 2025-10-15 12:57)
[2025-10-15 15:51:06] ALTA-PPAD: updated ALTA-PPAD_25288.RTK (minute 2025-10-15 12:58)
[2025-10-15 15:51:06] ALTA-PPAD: updated ALTA-PPAD_25288.RTK (minute 2025-10-15 12:59)
[2025-10-15 15:51:06] ALTA-PPAD: updated ALTA-PPAD_25288.RTK (minute 2025-10-15 13:00)
[2025-10-15 15:51:06] ALTA-PPAD: updated ALTA-PPAD_25288.RTK (minute 2025-10-15 13:01)
[2025-10-15 15:51:06] ALTA-PPAD: updated ALTA-PPAD_25288.RTK (minute 2025-10-15 13:02)
[2025-10-15 15:51:06] ALTA-PPAD: updated ALTA-PPAD_25288.RTK (minute 2025-10-15 13:03)
[2025-10-15 15:51:06] ALTA-PPAD: updated ALTA-PPAD_25288.RTK (minute 2025-10-15 13:04)
[2025-10-15 15:51:06] ALTA-PPAD: updated ALTA-PPAD_25288.RTK (minute 2025-10-15 13:05)
[2025-10-15 15:51:06] ALTA-PPAD: updated ALTA-PPAD_25288.RTK (minute 2025-10-15 13:06)
[2025-10-15 15:51:06] ALTA-PPAD: updated ALTA-PPAD_25288.RTK (minute 2025-10-15 13:07)
[2025-10-15 15:51:06] ALTA-PPAD: updated ALTA-PPAD_25288.RTK (minute 2025-10-15 13:08)
[2025-10-15 15:51:06] ALTA-PPAD: updated ALTA-PPAD_25288.RTK (minute 2025-10-15 13:09)
[2025-10-15 15:51:06] ALTA-PPAD: updated ALTA-PPAD_25288.RTK (minute 2025-10-15 13:10)
[2025-10-15 15:51:06] ALTA-PPAD: updated ALTA-PPAD_25288.RTK (minute 2025-10-15 13:11)
[2025-10-15 15:51:06] ALTA-PPAD: updated ALTA-PPAD_25288.RTK (minute 2025-10-15 13:12)
[2025-10-15 15:51:06] ALTA-PPAD: updated ALTA-PPAD_25288.RTK (minute 2025-10-15 13:13)
[2025-10-15 15:51:06] ALTA-PPAD: updated ALTA-PPAD_25288.RTK (minute 2025-10-15 13:14)
[2025-10-15 15:51:06] ALTA-PPAD: updated ALTA-PPAD_25288.RTK (minute 2025-10-15 13:15)
[2025-10-15 15:51:06] ALTA-PPAD: updated ALTA-PPAD_25288.RTK (minute 2025-10-15 13:16)
[2025-10-15 15:51:06] ALTA-PPAD: updated ALTA-PPAD_25288.RTK (minute 2025-10-15 13:17)
[2025-10-15 15:51:06] ALTA-PPAD: updated ALTA-PPAD_25288.RTK (minute 2025-10-15 13:18)
[2025-10-15 15:51:06] ALTA-PPAD: updated ALTA-PPAD_25288.RTK (minute 2025-10-15 13:19)
[2025-10-15 15:51:06] ALTA-PPAD: updated ALTA-PPAD_25288.RTK (minute 2025-10-15 13:20)
[2025-10-15 15:51:06] ALTA-PPAD: updated ALTA-PPAD_25288.RTK (minute 2025-10-15 13:21)
[2025-10-15 15:51:06] ALTA-PPAD: updated ALTA-PPAD_25288.RTK (minute 2025-10-15 13:22)
[2025-10-15 15:51:06] ALTA-PPAD: updated ALTA-PPAD_25288.RTK (minute 2025-10-15 13:23)
[2025-10-15 15:51:06] ALTA-PPAD: updated ALTA-PPAD_25288.RTK (minute 2025-10-15 13:24)
[2025-10-15 15:51:06] ALTA-PPAD: updated ALTA-PPAD_25288.RTK (minute 2025-10-15 13:25)
[2025-10-15 15:51:06] ALTA-PPAD: updated ALTA-PPAD_25288.RTK (minute 2025-10-15 13:26)
[2025-10-15 15:51:06] ALTA-PPAD: updated ALTA-PPAD_25288.RTK (minute 2025-10-15 13:27)
[2025-10-15 15:51:06] ALTA-PPAD: updated ALTA-PPAD_25288.RTK (minute 2025-10-15 13:28)
[2025-10-15 15:51:06] ALTA-PPAD: updated ALTA-PPAD_25288.RTK (minute 2025-10-15 13:29)
[2025-10-15 15:51:06] ALTA-PPAD: updated ALTA-PPAD_25288.RTK (minute 2025-10-15 13:30)
[2025-10-15 15:51:06] ALTA-PPAD: updated ALTA-PPAD_25288.RTK (minute 2025-10-15 13:31)
[2025-10-15 15:51:06] ALTA-PPAD: updated ALTA-PPAD_25288.RTK (minute 2025-10-15 13:32)
[2025-10-15 15:51:06] ALTA-PPAD: updated ALTA-PPAD_25288.RTK (minute 2025-10-15 13:33)
[2025-10-15 15:51:06] ALTA-PPAD: updated ALTA-PPAD_25288.RTK (minute 2025-10-15 13:34)
[2025-10-15 15:51:06] ALTA-PPAD: updated ALTA-PPAD_25288.RTK (minute 2025-10-15 13:35)
[2025-10-15 15:51:06] ALTA-PPAD: updated ALTA-PPAD_25288.RTK (minute 2025-10-15 13:36)
[2025-10-15 15:51:06] ALTA-PPAD: updated ALTA-PPAD_25288.RTK (minute 2025-10-15 13:37)
[2025-10-15 15:51:06] ALTA-PPAD: updated ALTA-PPAD_25288.RTK (minute 2025-10-15 13:38)
[2025-10-15 15:51:06] ALTA-PPAD: updated ALTA-PPAD_25288.RTK (minute 2025-10-15 13:39)
[2025-10-15 15:51:06] ALTA-PPAD: updated ALTA-PPAD_25288.RTK (minute 2025-10-15 13:40)
[2025-10-15 15:51:06] ALTA-PPAD: updated ALTA-PPAD_25288.RTK (minute 2025-10-15 13:41)
[2025-10-15 15:51:06] ALTA-PPAD: updated ALTA-PPAD_25288.RTK (minute 2025-10-15 13:42)
[2025-10-15 15:51:06] ALTA-PPAD: updated ALTA-PPAD_25288.RTK (minute 2025-10-15 13:43)
[2025-10-15 15:51:06] ALTA-PPAD: updated ALTA-PPAD_25288.RTK (minute 2025-10-15 13:44)
[2025-10-15 15:51:06] ALTA-PPAD: updated ALTA-PPAD_25288.RTK (minute 2025-10-15 13:45)
[2025-10-15 15:51:06] ALTA-PPAD: updated ALTA-PPAD_25288.RTK (minute 2025-10-15 13:46)
[2025-10-15 15:51:06] ALTA-PPAD: updated ALTA-PPAD_25288.RTK (minute 2025-10-15 13:47)
[2025-10-15 15:51:06] ALTA-PPAD: updated ALTA-PPAD_25288.RTK (minute 2025-10-15 13:48)
[2025-10-15 15:51:06] ALTA-PPAD: updated ALTA-PPAD_25288.RTK (minute 2025-10-15 13:49)
[2025-10-15 15:51:06] ALTA-PPAD: updated ALTA-PPAD_25288.RTK (minute 2025-10-15 13:50)
[2025-10-15 15:51:06] ALTA-PPAD: updated ALTA-PPAD_25288.RTK (minute 2025-10-15 13:51)
[2025-10-15 15:51:06] ALTA-PPAD: updated ALTA-PPAD_25288.RTK (minute 2025-10-15 13:52)
[2025-10-15 15:51:06] ALTA-PPAD: updated ALTA-PPAD_25288.RTK (minute 2025-10-15 13:53)
[2025-10-15 15:51:06] ALTA-PPAD: updated ALTA-PPAD_25288.RTK (minute 2025-10-15 13:54)
[2025-10-15 15:51:06] ALTA-PPAD: updated ALTA-PPAD_25288.RTK (minute 2025-10-15 13:55)
[2025-10-15 15:51:06] ALTA-PPAD: updated ALTA-PPAD_25288.RTK (minute 2025-10-15 13:56)
[2025-10-15 15:51:06] ALTA-PPAD: updated ALTA-PPAD_25288.RTK (minute 2025-10-15 13:57)
[2025-10-15 15:51:06] ALTA-PPAD: updated ALTA-PPAD_25288.RTK (minute 2025-10-15 13:58)
[2025-10-15 15:51:06] ALTA-PPAD: updated ALTA-PPAD_25288.RTK (minute 2025-10-15 13:59)
[2025-10-15 15:51:06] ALTA-PPAD: updated ALTA-PPAD_25288.RTK (minute 2025-10-15 14:00)
[2025-10-15 15:51:06] ALTA-PPAD: updated ALTA-PPAD_25288.RTK (minute 2025-10-15 14:01)
[2025-10-15 15:51:06] ALTA-PPAD: updated ALTA-PPAD_25288.RTK (minute 2025-10-15 14:02)
[2025-10-15 15:51:06] ALTA-PPAD: updated ALTA-PPAD_25288.RTK (minute 2025-10-15 14:03)
[2025-10-15 15:51:06] ALTA-PPAD: updated ALTA-PPAD_25288.RTK (minute 2025-10-15 14:04)
[2025-10-15 15:51:06] ALTA-PPAD: updated ALTA-PPAD_25288.RTK (minute 2025-10-15 14:05)
[2025-10-15 15:51:06] ALTA-PPAD: updated ALTA-PPAD_25288.RTK (minute 2025-10-15 14:06)
[2025-10-15 15:51:06] ALTA-PPAD: updated ALTA-PPAD_25288.RTK (minute 2025-10-15 14:07)
[2025-10-15 15:51:06] ALTA-PPAD: updated ALTA-PPAD_25288.RTK (minute 2025-10-15 14:08)
[2025-10-15 15:51:06] ALTA-PPAD: updated ALTA-PPAD_25288.RTK (minute 2025-10-15 14:09)
[2025-10-15 15:51:06] ALTA-PPAD: updated ALTA-PPAD_25288.RTK (minute 2025-10-15 14:10)
[2025-10-15 15:51:06] ALTA-PPAD: updated ALTA-PPAD_25288.RTK (minute 2025-10-15 14:11)
[2025-10-15 15:51:06] ALTA-PPAD: updated ALTA-PPAD_25288.RTK (minute 2025-10-15 14:12)
[2025-10-15 15:51:06] ALTA-PPAD: updated ALTA-PPAD_25288.RTK (minute 2025-10-15 14:13)
[2025-10-15 15:51:06] ALTA-PPAD: updated ALTA-PPAD_25288.RTK (minute 2025-10-15 14:14)
[2025-10-15 15:51:06] ALTA-PPAD: updated ALTA-PPAD_25288.RTK (minute 2025-10-15 14:15)
[2025-10-15 15:51:06] ALTA-PPAD: updated ALTA-PPAD_25288.RTK (minute 2025-10-15 14:16)
[2025-10-15 15:51:06] ALTA-PPAD: updated ALTA-PPAD_25288.RTK (minute 2025-10-15 14:17)
[2025-10-15 15:51:06] ALTA-PPAD: updated ALTA-PPAD_25288.RTK (minute 2025-10-15 14:18)
[2025-10-15 15:51:06] ALTA-PPAD: updated ALTA-PPAD_25288.RTK (minute 2025-10-15 14:19)
[2025-10-15 15:51:06] ALTA-PPAD: updated ALTA-PPAD_25288.RTK (minute 2025-10-15 14:20)
[2025-10-15 15:51:06] ALTA-PPAD: updated ALTA-PPAD_25288.RTK (minute 2025-10-15 14:21)
[2025-10-15 15:51:06] ALTA-PPAD: updated ALTA-PPAD_25288.RTK (minute 2025-10-15 14:22)
[2025-10-15 15:51:06] ALTA-PPAD: updated ALTA-PPAD_25288.RTK (minute 2025-10-15 14:23)
[2025-10-15 15:51:06] ALTA-PPAD: updated ALTA-PPAD_25288.RTK (minute 2025-10-15 14:24)
[2025-10-15 15:51:06] ALTA-PPAD: updated ALTA-PPAD_25288.RTK (minute 2025-10-15 14:25)
[2025-10-15 15:51:06] ALTA-PPAD: updated ALTA-PPAD_25288.RTK (minute 2025-10-15 14:26)
[2025-10-15 15:51:06] ALTA-PPAD: updated ALTA-PPAD_25288.RTK (minute 2025-10-15 14:27)
[2025-10-15 15:51:06] ALTA-PPAD: updated ALTA-PPAD_25288.RTK (minute 2025-10-15 14:28)
[2025-10-15 15:51:06] ALTA-PPAD: updated ALTA-PPAD_25288.RTK (minute 2025-10-15 14:29)
[2025-10-15 15:51:06] ALTA-PPAD: updated ALTA-PPAD_25288.RTK (minute 2025-10-15 14:30)
[2025-10-15 15:51:06] ALTA-PPAD: updated ALTA-PPAD_25288.RTK (minute 2025-10-15 14:31)
[2025-10-15 15:51:06] ALTA-PPAD: updated ALTA-PPAD_25288.RTK (minute 2025-10-15 14:32)
[2025-10-15 15:51:06] ALTA-PPAD: updated ALTA-PPAD_25288.RTK (minute 2025-10-15 14:33)
[2025-10-15 15:51:06] ALTA-PPAD: updated ALTA-PPAD_25288.RTK (minute 2025-10-15 14:34)
[2025-10-15 15:51:06] ALTA-PPAD: updated ALTA-PPAD_25288.RTK (minute 2025-10-15 14:35)
[2025-10-15 15:51:06] ALTA-PPAD: updated ALTA-PPAD_25288.RTK (minute 2025-10-15 14:36)
[2025-10-15 15:51:06] ALTA-PPAD: updated ALTA-PPAD_25288.RTK (minute 2025-10-15 14:37)
[2025-10-15 15:51:06] ALTA-PPAD: updated ALTA-PPAD_25288.RTK (minute 2025-10-15 14:38)
[2025-10-15 15:51:06] ALTA-PPAD: updated ALTA-PPAD_25288.RTK (minute 2025-10-15 14:39)
[2025-10-15 15:51:06] ALTA-PPAD: updated ALTA-PPAD_25288.RTK (minute 2025-10-15 14:40)
[2025-10-15 15:51:06] ALTA-PPAD: updated ALTA-PPAD_25288.RTK (minute 2025-10-15 14:41)
[2025-10-15 15:51:06] ALTA-PPAD: updated ALTA-PPAD_25288.RTK (minute 2025-10-15 14:42)
[2025-10-15 15:51:06] ALTA-PPAD: updated ALTA-PPAD_25288.RTK (minute 2025-10-15 14:43)
[2025-10-15 15:51:06] ALTA-PPAD: updated ALTA-PPAD_25288.RTK (minute 2025-10-15 14:44)
[2025-10-15 15:51:06] ALTA-PPAD: updated ALTA-PPAD_25288.RTK (minute 2025-10-15 14:45)
[2025-10-15 15:51:06] ALTA-PPAD: updated ALTA-PPAD_25288.RTK (minute 2025-10-15 14:46)
[2025-10-15 15:51:06] ALTA-PPAD: updated ALTA-PPAD_25288.RTK (minute 2025-10-15 14:47)
[2025-10-15 15:51:06] ALTA-PPAD: updated ALTA-PPAD_25288.RTK (minute 2025-10-15 14:48)
[2025-10-15 15:51:06] ALTA-PPAD: updated ALTA-PPAD_25288.RTK (minute 2025-10-15 14:49)
[2025-10-15 15:51:06] ALTA-PPAD: updated ALTA-PPAD_25288.RTK (minute 2025-10-15 14:50)
[2025-10-15 15:51:06] ALTA-PPAD: updated ALTA-PPAD_25288.RTK (minute 2025-10-15 14:51)
[2025-10-15 15:51:06] ALTA-PPAD: updated ALTA-PPAD_25288.RTK (minute 2025-10-15 14:52)
[2025-10-15 15:51:06] ALTA-PPAD: updated ALTA-PPAD_25288.RTK (minute 2025-10-15 14:53)
[2025-10-15 15:51:06] ALTA-PPAD: updated ALTA-PPAD_25288.RTK (minute 2025-10-15 14:54)
[2025-10-15 15:51:06] ALTA-PPAD: updated ALTA-PPAD_25288.RTK (minute 2025-10-15 14:55)
[2025-10-15 15:51:06] ALTA-PPAD: updated ALTA-PPAD_25288.RTK (minute 2025-10-15 14:56)
[2025-10-15 15:51:06] ALTA-PPAD: updated ALTA-PPAD_25288.RTK (minute 2025-10-15 14:57)
[2025-10-15 15:51:06] ALTA-PPAD: updated ALTA-PPAD_25288.RTK (minute 2025-10-15 14:58)
[2025-10-15 15:51:06] ALTA-PPAD: updated ALTA-PPAD_25288.RTK (minute 2025-10-15 14:59)
[2025-10-15 15:51:06] ALTA-PPAD: updated ALTA-PPAD_25288.RTK (minute 2025-10-15 15:00)
[2025-10-15 15:51:06] ALTA-PPAD: updated ALTA-PPAD_25288.RTK (minute 2025-10-15 15:01)
[2025-10-15 15:51:06] ALTA-PPAD: updated ALTA-PPAD_25288.RTK (minute 2025-10-15 15:02)
[2025-10-15 15:51:06] ALTA-PPAD: updated ALTA-PPAD_25288.RTK (minute 2025-10-15 15:03)
[2025-10-15 15:51:06] ALTA-PPAD: updated ALTA-PPAD_25288.RTK (minute 2025-10-15 15:04)
[2025-10-15 15:51:06] ALTA-PPAD: updated ALTA-PPAD_25288.RTK (minute 2025-10-15 15:05)
[2025-10-15 15:51:06] ALTA-PPAD: updated ALTA-PPAD_25288.RTK (minute 2025-10-15 15:06)
[2025-10-15 15:51:06] ALTA-PPAD: updated ALTA-PPAD_25288.RTK (minute 2025-10-15 15:07)
[2025-10-15 15:51:06] ALTA-PPAD: updated ALTA-PPAD_25288.RTK (minute 2025-10-15 15:08)
[2025-10-15 15:51:06] ALTA-PPAD: updated ALTA-PPAD_25288.RTK (minute 2025-10-15 15:09)
[2025-10-15 15:51:06] ALTA-PPAD: updated ALTA-PPAD_25288.RTK (minute 2025-10-15 15:10)
[2025-10-15 15:51:06] ALTA-PPAD: updated ALTA-PPAD_25288.RTK (minute 2025-10-15 15:11)
[2025-10-15 15:51:06] ALTA-PPAD: updated ALTA-PPAD_25288.RTK (minute 2025-10-15 15:12)
[2025-10-15 15:51:06] ALTA-PPAD: updated ALTA-PPAD_25288.RTK (minute 2025-10-15 15:13)
[2025-10-15 15:51:06] ALTA-PPAD: updated ALTA-PPAD_25288.RTK (minute 2025-10-15 15:14)
[2025-10-15 15:51:06] ALTA-PPAD: updated ALTA-PPAD_25288.RTK (minute 2025-10-15 15:15)
[2025-10-15 15:51:06] ALTA-PPAD: updated ALTA-PPAD_25288.RTK (minute 2025-10-15 15:16)
[2025-10-15 15:51:06] ALTA-PPAD: updated ALTA-PPAD_25288.RTK (minute 2025-10-15 15:17)
[2025-10-15 15:51:06] ALTA-PPAD: updated ALTA-PPAD_25288.RTK (minute 2025-10-15 15:18)
[2025-10-15 15:51:06] ALTA-PPAD: updated ALTA-PPAD_25288.RTK (minute 2025-10-15 15:19)
[2025-10-15 15:51:06] ALTA-PPAD: updated ALTA-PPAD_25288.RTK (minute 2025-10-15 15:20)
[2025-10-15 15:51:06] ALTA-PPAD: updated ALTA-PPAD_25288.RTK (minute 2025-10-15 15:21)
[2025-10-15 15:51:06] ALTA-PPAD: updated ALTA-PPAD_25288.RTK (minute 2025-10-15 15:22)
[2025-10-15 15:51:06] ALTA-PPAD: updated ALTA-PPAD_25288.RTK (minute 2025-10-15 15:23)
[2025-10-15 15:51:06] ALTA-PPAD: updated ALTA-PPAD_25288.RTK (minute 2025-10-15 15:24)
[2025-10-15 15:51:06] ALTA-PPAD: updated ALTA-PPAD_25288.RTK (minute 2025-10-15 15:25)
[2025-10-15 15:51:06] ALTA-PPAD: updated ALTA-PPAD_25288.RTK (minute 2025-10-15 15:26)
[2025-10-15 15:51:06] ALTA-PPAD: updated ALTA-PPAD_25288.RTK (minute 2025-10-15 15:27)
[2025-10-15 15:51:06] ALTA-PPAD: updated ALTA-PPAD_25288.RTK (minute 2025-10-15 15:28)
[2025-10-15 15:51:06] ALTA-PPAD: updated ALTA-PPAD_25288.RTK (minute 2025-10-15 15:29)
[2025-10-15 15:51:06] ALTA-PPAD: updated ALTA-PPAD_25288.RTK (minute 2025-10-15 15:30)
[2025-10-15 15:51:06] ALTA-PPAD: updated ALTA-PPAD_25288.RTK (minute 2025-10-15 15:31)
[2025-10-15 15:51:06] ALTA-PPAD: updated ALTA-PPAD_25288.RTK (minute 2025-10-15 15:32)
[2025-10-15 15:51:06] ALTA-PPAD: updated ALTA-PPAD_25288.RTK (minute 2025-10-15 15:33)
[2025-10-15 15:51:06] ALTA-PPAD: updated ALTA-PPAD_25288.RTK (minute 2025-10-15 15:34)
[2025-10-15 15:51:06] ALTA-PPAD: updated ALTA-PPAD_25288.RTK (minute 2025-10-15 15:35)
[2025-10-15 15:51:06] ALTA-PPAD: updated ALTA-PPAD_25288.RTK (minute 2025-10-15 15:36)
[2025-10-15 15:51:06] ALTA-PPAD: updated ALTA-PPAD_25288.RTK (minute 2025-10-15 15:37)
[2025-10-15 15:51:06] ALTA-PPAD: updated ALTA-PPAD_25288.RTK (minute 2025-10-15 15:38)
[2025-10-15 15:51:06] ALTA-PPAD: updated ALTA-PPAD_25288.RTK (minute 2025-10-15 15:39)
[2025-10-15 15:51:06] ALTA-PPAD: updated ALTA-PPAD_25288.RTK (minute 2025-10-15 15:40)
[2025-10-15 15:51:06] ALTA-PPAD: updated ALTA-PPAD_25288.RTK (minute 2025-10-15 15:41)
[2025-10-15 15:51:06] ALTA-PPAD: updated ALTA-PPAD_25288.RTK (minute 2025-10-15 15:42)
[2025-10-15 15:51:06] ALTA-PPAD: updated ALTA-PPAD_25288.RTK (minute 2025-10-15 15:43)
[2025-10-15 15:51:06] ALTA-PPAD: updated ALTA-PPAD_25288.RTK (minute 2025-10-15 15:44)
[2025-10-15 15:51:06] ALTA-PPAD: updated ALTA-PPAD_25288.RTK (minute 2025-10-15 15:45)
[2025-10-15 15:51:06] ALTA-PPAD: updated ALTA-PPAD_25288.RTK (minute 2025-10-15 15:46)
[2025-10-15 15:51:06] ALTA-PPAD: updated ALTA-PPAD_25288.RTK (minute 2025-10-15 15:47)
[2025-10-15 15:51:06] ALTA-PPAD: updated ALTA-PPAD_25288.RTK (minute 2025-10-15 15:48)
[2025-10-15 15:51:06] ALTA-PPAD: updated ALTA-PPAD_25288.RTK (minute 2025-10-15 15:49)
[2025-10-15 15:51:06] ALTA-PPAD: updated ALTA-PPAD_25288.RTK (minute 2025-10-15 15:50)
[2025-10-15 15:51:06] ALTA-PPAD: updated ALTA-PPAD_25288.RTK (minute 2025-10-15 15:51)
[2025-10-15 15:51:06] CISB-GTM3: updated CISB-GTM3_25288.RTK (minute 2025-10-15 12:49)
[2025-10-15 15:51:06] CISB-GTM3: updated CISB-GTM3_25288.RTK (minute 2025-10-15 12:50)
[2025-10-15 15:51:06] CISB-GTM3: updated CISB-GTM3_25288.RTK (minute 2025-10-15 12:51)
[2025-10-15 15:51:06] CISB-GTM3: updated CISB-GTM3_25288.RTK (minute 2025-10-15 12:52)
[2025-10-15 15:51:06] CISB-GTM3: updated CISB-GTM3_25288.RTK (minute 2025-10-15 12:53)
[2025-10-15 15:51:06] CISB-GTM3: updated CISB-GTM3_25288.RTK (minute 2025-10-15 12:54)
[2025-10-15 15:51:06] CISB-GTM3: updated CISB-GTM3_25288.RTK (minute 2025-10-15 12:55)
[2025-10-15 15:51:06] CISB-GTM3: updated CISB-GTM3_25288.RTK (minute 2025-10-15 12:56)
[2025-10-15 15:51:06] CISB-GTM3: updated CISB-GTM3_25288.RTK (minute 2025-10-15 12:57)
[2025-10-15 15:51:06] CISB-GTM3: updated CISB-GTM3_25288.RTK (minute 2025-10-15 12:58)
[2025-10-15 15:51:06] CISB-GTM3: updated CISB-GTM3_25288.RTK (minute 2025-10-15 12:59)
[2025-10-15 15:51:06] CISB-GTM3: updated CISB-GTM3_25288.RTK (minute 2025-10-15 13:00)
[2025-10-15 15:51:06] CISB-GTM3: updated CISB-GTM3_25288.RTK (minute 2025-10-15 13:01)
[2025-10-15 15:51:06] CISB-GTM3: updated CISB-GTM3_25288.RTK (minute 2025-10-15 13:02)
[2025-10-15 15:51:06] CISB-GTM3: updated CISB-GTM3_25288.RTK (minute 2025-10-15 13:03)
[2025-10-15 15:51:06] CISB-GTM3: updated CISB-GTM3_25288.RTK (minute 2025-10-15 13:04)
[2025-10-15 15:51:06] CISB-GTM3: updated CISB-GTM3_25288.RTK (minute 2025-10-15 13:05)
[2025-10-15 15:51:06] CISB-GTM3: updated CISB-GTM3_25288.RTK (minute 2025-10-15 13:06)
[2025-10-15 15:51:06] CISB-GTM3: updated CISB-GTM3_25288.RTK (minute 2025-10-15 13:07)
[2025-10-15 15:51:06] CISB-GTM3: updated CISB-GTM3_25288.RTK (minute 2025-10-15 13:08)
[2025-10-15 15:51:06] CISB-GTM3: updated CISB-GTM3_25288.RTK (minute 2025-10-15 13:09)
[2025-10-15 15:51:06] CISB-GTM3: updated CISB-GTM3_25288.RTK (minute 2025-10-15 13:10)
[2025-10-15 15:51:06] CISB-GTM3: updated CISB-GTM3_25288.RTK (minute 2025-10-15 13:11)
[2025-10-15 15:51:06] CISB-GTM3: updated CISB-GTM3_25288.RTK (minute 2025-10-15 13:12)
[2025-10-15 15:51:06] CISB-GTM3: updated CISB-GTM3_25288.RTK (minute 2025-10-15 13:13)
[2025-10-15 15:51:06] CISB-GTM3: updated CISB-GTM3_25288.RTK (minute 2025-10-15 13:14)
[2025-10-15 15:51:06] CISB-GTM3: updated CISB-GTM3_25288.RTK (minute 2025-10-15 13:15)
[2025-10-15 15:51:06] CISB-GTM3: updated CISB-GTM3_25288.RTK (minute 2025-10-15 13:16)
[2025-10-15 15:51:06] CISB-GTM3: updated CISB-GTM3_25288.RTK (minute 2025-10-15 13:17)
[2025-10-15 15:51:06] CISB-GTM3: updated CISB-GTM3_25288.RTK (minute 2025-10-15 13:18)
[2025-10-15 15:51:06] CISB-GTM3: updated CISB-GTM3_25288.RTK (minute 2025-10-15 13:19)
[2025-10-15 15:51:06] CISB-GTM3: updated CISB-GTM3_25288.RTK (minute 2025-10-15 13:20)
[2025-10-15 15:51:06] CISB-GTM3: updated CISB-GTM3_25288.RTK (minute 2025-10-15 13:21)
[2025-10-15 15:51:06] CISB-GTM3: updated CISB-GTM3_25288.RTK (minute 2025-10-15 13:22)
[2025-10-15 15:51:06] CISB-GTM3: updated CISB-GTM3_25288.RTK (minute 2025-10-15 13:23)
[2025-10-15 15:51:06] CISB-GTM3: updated CISB-GTM3_25288.RTK (minute 2025-10-15 13:24)
[2025-10-15 15:51:06] CISB-GTM3: updated CISB-GTM3_25288.RTK (minute 2025-10-15 13:25)
[2025-10-15 15:51:06] CISB-GTM3: updated CISB-GTM3_25288.RTK (minute 2025-10-15 13:26)
[2025-10-15 15:51:06] CISB-GTM3: updated CISB-GTM3_25288.RTK (minute 2025-10-15 13:27)
[2025-10-15 15:51:06] CISB-GTM3: updated CISB-GTM3_25288.RTK (minute 2025-10-15 13:28)
[2025-10-15 15:51:06] CISB-GTM3: updated CISB-GTM3_25288.RTK (minute 2025-10-15 13:29)
[2025-10-15 15:51:06] CISB-GTM3: updated CISB-GTM3_25288.RTK (minute 2025-10-15 13:30)
[2025-10-15 15:51:06] CISB-GTM3: updated CISB-GTM3_25288.RTK (minute 2025-10-15 13:31)
[2025-10-15 15:51:06] CISB-GTM3: updated CISB-GTM3_25288.RTK (minute 2025-10-15 13:32)
[2025-10-15 15:51:06] CISB-GTM3: updated CISB-GTM3_25288.RTK (minute 2025-10-15 13:33)
[2025-10-15 15:51:06] CISB-GTM3: updated CISB-GTM3_25288.RTK (minute 2025-10-15 13:34)
[2025-10-15 15:51:06] CISB-GTM3: updated CISB-GTM3_25288.RTK (minute 2025-10-15 13:35)
[2025-10-15 15:51:06] CISB-GTM3: updated CISB-GTM3_25288.RTK (minute 2025-10-15 13:36)
[2025-10-15 15:51:06] CISB-GTM3: updated CISB-GTM3_25288.RTK (minute 2025-10-15 13:37)
[2025-10-15 15:51:06] CISB-GTM3: updated CISB-GTM3_25288.RTK (minute 2025-10-15 13:38)
[2025-10-15 15:51:06] CISB-GTM3: updated CISB-GTM3_25288.RTK (minute 2025-10-15 13:39)
[2025-10-15 15:51:06] CISB-GTM3: updated CISB-GTM3_25288.RTK (minute 2025-10-15 13:40)
[2025-10-15 15:51:06] CISB-GTM3: updated CISB-GTM3_25288.RTK (minute 2025-10-15 13:41)
[2025-10-15 15:51:06] CISB-GTM3: updated CISB-GTM3_25288.RTK (minute 2025-10-15 13:42)
[2025-10-15 15:51:06] CISB-GTM3: updated CISB-GTM3_25288.RTK (minute 2025-10-15 13:43)
[2025-10-15 15:51:06] CISB-GTM3: updated CISB-GTM3_25288.RTK (minute 2025-10-15 13:44)
[2025-10-15 15:51:06] CISB-GTM3: updated CISB-GTM3_25288.RTK (minute 2025-10-15 13:45)
[2025-10-15 15:51:06] CISB-GTM3: updated CISB-GTM3_25288.RTK (minute 2025-10-15 13:46)
[2025-10-15 15:51:06] CISB-GTM3: updated CISB-GTM3_25288.RTK (minute 2025-10-15 13:47)
[2025-10-15 15:51:06] CISB-GTM3: updated CISB-GTM3_25288.RTK (minute 2025-10-15 13:48)
[2025-10-15 15:51:06] CISB-GTM3: updated CISB-GTM3_25288.RTK (minute 2025-10-15 13:49)
[2025-10-15 15:51:06] CISB-GTM3: updated CISB-GTM3_25288.RTK (minute 2025-10-15 13:50)
[2025-10-15 15:51:06] CISB-GTM3: updated CISB-GTM3_25288.RTK (minute 2025-10-15 13:51)
[2025-10-15 15:51:06] CISB-GTM3: updated CISB-GTM3_25288.RTK (minute 2025-10-15 13:52)
[2025-10-15 15:51:06] CISB-GTM3: updated CISB-GTM3_25288.RTK (minute 2025-10-15 13:53)
[2025-10-15 15:51:06] CISB-GTM3: updated CISB-GTM3_25288.RTK (minute 2025-10-15 13:54)
[2025-10-15 15:51:06] CISB-GTM3: updated CISB-GTM3_25288.RTK (minute 2025-10-15 13:55)
[2025-10-15 15:51:06] CISB-GTM3: updated CISB-GTM3_25288.RTK (minute 2025-10-15 13:56)
[2025-10-15 15:51:06] CISB-GTM3: updated CISB-GTM3_25288.RTK (minute 2025-10-15 13:57)
[2025-10-15 15:51:06] CISB-GTM3: updated CISB-GTM3_25288.RTK (minute 2025-10-15 13:58)
[2025-10-15 15:51:06] CISB-GTM3: updated CISB-GTM3_25288.RTK (minute 2025-10-15 13:59)
[2025-10-15 15:51:06] CISB-GTM3: updated CISB-GTM3_25288.RTK (minute 2025-10-15 14:00)
[2025-10-15 15:51:06] CISB-GTM3: updated CISB-GTM3_25288.RTK (minute 2025-10-15 14:01)
[2025-10-15 15:51:06] CISB-GTM3: updated CISB-GTM3_25288.RTK (minute 2025-10-15 14:02)
[2025-10-15 15:51:06] CISB-GTM3: updated CISB-GTM3_25288.RTK (minute 2025-10-15 14:03)
[2025-10-15 15:51:06] CISB-GTM3: updated CISB-GTM3_25288.RTK (minute 2025-10-15 14:04)
[2025-10-15 15:51:06] CISB-GTM3: updated CISB-GTM3_25288.RTK (minute 2025-10-15 14:05)
[2025-10-15 15:51:06] CISB-GTM3: updated CISB-GTM3_25288.RTK (minute 2025-10-15 14:06)
[2025-10-15 15:51:06] CISB-GTM3: updated CISB-GTM3_25288.RTK (minute 2025-10-15 14:07)
[2025-10-15 15:51:06] CISB-GTM3: updated CISB-GTM3_25288.RTK (minute 2025-10-15 14:08)
[2025-10-15 15:51:06] CISB-GTM3: updated CISB-GTM3_25288.RTK (minute 2025-10-15 14:09)
[2025-10-15 15:51:06] CISB-GTM3: updated CISB-GTM3_25288.RTK (minute 2025-10-15 14:10)
[2025-10-15 15:51:06] CISB-GTM3: updated CISB-GTM3_25288.RTK (minute 2025-10-15 14:11)
[2025-10-15 15:51:06] CISB-GTM3: updated CISB-GTM3_25288.RTK (minute 2025-10-15 14:12)
[2025-10-15 15:51:06] CISB-GTM3: updated CISB-GTM3_25288.RTK (minute 2025-10-15 14:13)
[2025-10-15 15:51:06] CISB-GTM3: updated CISB-GTM3_25288.RTK (minute 2025-10-15 14:14)
[2025-10-15 15:51:06] CISB-GTM3: updated CISB-GTM3_25288.RTK (minute 2025-10-15 14:15)
[2025-10-15 15:51:06] CISB-GTM3: updated CISB-GTM3_25288.RTK (minute 2025-10-15 14:16)
[2025-10-15 15:51:06] CISB-GTM3: updated CISB-GTM3_25288.RTK (minute 2025-10-15 14:17)
[2025-10-15 15:51:06] CISB-GTM3: updated CISB-GTM3_25288.RTK (minute 2025-10-15 14:18)
[2025-10-15 15:51:06] CISB-GTM3: updated CISB-GTM3_25288.RTK (minute 2025-10-15 14:19)
[2025-10-15 15:51:06] CISB-GTM3: updated CISB-GTM3_25288.RTK (minute 2025-10-15 14:20)
[2025-10-15 15:51:06] CISB-GTM3: updated CISB-GTM3_25288.RTK (minute 2025-10-15 14:21)
[2025-10-15 15:51:06] CISB-GTM3: updated CISB-GTM3_25288.RTK (minute 2025-10-15 14:22)
[2025-10-15 15:51:06] CISB-GTM3: updated CISB-GTM3_25288.RTK (minute 2025-10-15 14:23)
[2025-10-15 15:51:06] CISB-GTM3: updated CISB-GTM3_25288.RTK (minute 2025-10-15 14:24)
[2025-10-15 15:51:06] CISB-GTM3: updated CISB-GTM3_25288.RTK (minute 2025-10-15 14:25)
[2025-10-15 15:51:06] CISB-GTM3: updated CISB-GTM3_25288.RTK (minute 2025-10-15 14:26)
[2025-10-15 15:51:06] CISB-GTM3: updated CISB-GTM3_25288.RTK (minute 2025-10-15 14:27)
[2025-10-15 15:51:06] CISB-GTM3: updated CISB-GTM3_25288.RTK (minute 2025-10-15 14:28)
[2025-10-15 15:51:06] CISB-GTM3: updated CISB-GTM3_25288.RTK (minute 2025-10-15 14:29)
[2025-10-15 15:51:06] CISB-GTM3: updated CISB-GTM3_25288.RTK (minute 2025-10-15 14:30)
[2025-10-15 15:51:06] CISB-GTM3: updated CISB-GTM3_25288.RTK (minute 2025-10-15 14:31)
[2025-10-15 15:51:06] CISB-GTM3: updated CISB-GTM3_25288.RTK (minute 2025-10-15 14:32)
[2025-10-15 15:51:06] CISB-GTM3: updated CISB-GTM3_25288.RTK (minute 2025-10-15 14:33)
[2025-10-15 15:51:06] CISB-GTM3: updated CISB-GTM3_25288.RTK (minute 2025-10-15 14:34)
[2025-10-15 15:51:06] CISB-GTM3: updated CISB-GTM3_25288.RTK (minute 2025-10-15 14:35)
[2025-10-15 15:51:06] CISB-GTM3: updated CISB-GTM3_25288.RTK (minute 2025-10-15 14:36)
[2025-10-15 15:51:06] CISB-GTM3: updated CISB-GTM3_25288.RTK (minute 2025-10-15 14:37)
[2025-10-15 15:51:06] CISB-GTM3: updated CISB-GTM3_25288.RTK (minute 2025-10-15 14:38)
[2025-10-15 15:51:06] CISB-GTM3: updated CISB-GTM3_25288.RTK (minute 2025-10-15 14:39)
[2025-10-15 15:51:06] CISB-GTM3: updated CISB-GTM3_25288.RTK (minute 2025-10-15 14:40)
[2025-10-15 15:51:06] CISB-GTM3: updated CISB-GTM3_25288.RTK (minute 2025-10-15 14:41)
[2025-10-15 15:51:06] CISB-GTM3: updated CISB-GTM3_25288.RTK (minute 2025-10-15 14:42)
[2025-10-15 15:51:06] CISB-GTM3: updated CISB-GTM3_25288.RTK (minute 2025-10-15 14:43)
[2025-10-15 15:51:06] CISB-GTM3: updated CISB-GTM3_25288.RTK (minute 2025-10-15 14:44)
[2025-10-15 15:51:06] CISB-GTM3: updated CISB-GTM3_25288.RTK (minute 2025-10-15 14:45)
[2025-10-15 15:51:06] CISB-GTM3: updated CISB-GTM3_25288.RTK (minute 2025-10-15 14:46)
[2025-10-15 15:51:06] CISB-GTM3: updated CISB-GTM3_25288.RTK (minute 2025-10-15 14:47)
[2025-10-15 15:51:06] CISB-GTM3: updated CISB-GTM3_25288.RTK (minute 2025-10-15 14:48)
[2025-10-15 15:51:06] CISB-GTM3: updated CISB-GTM3_25288.RTK (minute 2025-10-15 14:49)
[2025-10-15 15:51:06] CISB-GTM3: updated CISB-GTM3_25288.RTK (minute 2025-10-15 14:50)
[2025-10-15 15:51:06] CISB-GTM3: updated CISB-GTM3_25288.RTK (minute 2025-10-15 14:51)
[2025-10-15 15:51:06] CISB-GTM3: updated CISB-GTM3_25288.RTK (minute 2025-10-15 14:52)
[2025-10-15 15:51:06] CISB-GTM3: updated CISB-GTM3_25288.RTK (minute 2025-10-15 14:53)
[2025-10-15 15:51:06] CISB-GTM3: updated CISB-GTM3_25288.RTK (minute 2025-10-15 14:54)
[2025-10-15 15:51:06] CISB-GTM3: updated CISB-GTM3_25288.RTK (minute 2025-10-15 14:55)
[2025-10-15 15:51:06] CISB-GTM3: updated CISB-GTM3_25288.RTK (minute 2025-10-15 14:56)
[2025-10-15 15:51:06] CISB-GTM3: updated CISB-GTM3_25288.RTK (minute 2025-10-15 14:57)
[2025-10-15 15:51:06] CISB-GTM3: updated CISB-GTM3_25288.RTK (minute 2025-10-15 14:58)
[2025-10-15 15:51:06] CISB-GTM3: updated CISB-GTM3_25288.RTK (minute 2025-10-15 14:59)
[2025-10-15 15:51:06] CISB-GTM3: updated CISB-GTM3_25288.RTK (minute 2025-10-15 15:00)
[2025-10-15 15:51:06] CISB-GTM3: updated CISB-GTM3_25288.RTK (minute 2025-10-15 15:01)
[2025-10-15 15:51:06] CISB-GTM3: updated CISB-GTM3_25288.RTK (minute 2025-10-15 15:02)
[2025-10-15 15:51:06] CISB-GTM3: updated CISB-GTM3_25288.RTK (minute 2025-10-15 15:03)
[2025-10-15 15:51:06] CISB-GTM3: updated CISB-GTM3_25288.RTK (minute 2025-10-15 15:04)
[2025-10-15 15:51:06] CISB-GTM3: updated CISB-GTM3_25288.RTK (minute 2025-10-15 15:05)
[2025-10-15 15:51:06] CISB-GTM3: updated CISB-GTM3_25288.RTK (minute 2025-10-15 15:06)
[2025-10-15 15:51:06] CISB-GTM3: updated CISB-GTM3_25288.RTK (minute 2025-10-15 15:07)
[2025-10-15 15:51:06] CISB-GTM3: updated CISB-GTM3_25288.RTK (minute 2025-10-15 15:08)
[2025-10-15 15:51:06] CISB-GTM3: updated CISB-GTM3_25288.RTK (minute 2025-10-15 15:09)
[2025-10-15 15:51:06] CISB-GTM3: updated CISB-GTM3_25288.RTK (minute 2025-10-15 15:10)
[2025-10-15 15:51:06] CISB-GTM3: updated CISB-GTM3_25288.RTK (minute 2025-10-15 15:11)
[2025-10-15 15:51:06] CISB-GTM3: updated CISB-GTM3_25288.RTK (minute 2025-10-15 15:12)
[2025-10-15 15:51:06] CISB-GTM3: updated CISB-GTM3_25288.RTK (minute 2025-10-15 15:13)
[2025-10-15 15:51:06] CISB-GTM3: updated CISB-GTM3_25288.RTK (minute 2025-10-15 15:14)
[2025-10-15 15:51:06] CISB-GTM3: updated CISB-GTM3_25288.RTK (minute 2025-10-15 15:15)
[2025-10-15 15:51:06] CISB-GTM3: updated CISB-GTM3_25288.RTK (minute 2025-10-15 15:16)
[2025-10-15 15:51:06] CISB-GTM3: updated CISB-GTM3_25288.RTK (minute 2025-10-15 15:17)
[2025-10-15 15:51:06] CISB-GTM3: updated CISB-GTM3_25288.RTK (minute 2025-10-15 15:18)
[2025-10-15 15:51:06] CISB-GTM3: updated CISB-GTM3_25288.RTK (minute 2025-10-15 15:19)
[2025-10-15 15:51:06] CISB-GTM3: updated CISB-GTM3_25288.RTK (minute 2025-10-15 15:20)
[2025-10-15 15:51:06] CISB-GTM3: updated CISB-GTM3_25288.RTK (minute 2025-10-15 15:21)
[2025-10-15 15:51:06] CISB-GTM3: updated CISB-GTM3_25288.RTK (minute 2025-10-15 15:22)
[2025-10-15 15:51:06] CISB-GTM3: updated CISB-GTM3_25288.RTK (minute 2025-10-15 15:23)
[2025-10-15 15:51:06] CISB-GTM3: updated CISB-GTM3_25288.RTK (minute 2025-10-15 15:24)
[2025-10-15 15:51:06] CISB-GTM3: updated CISB-GTM3_25288.RTK (minute 2025-10-15 15:25)
[2025-10-15 15:51:06] CISB-GTM3: updated CISB-GTM3_25288.RTK (minute 2025-10-15 15:26)
[2025-10-15 15:51:06] CISB-GTM3: updated CISB-GTM3_25288.RTK (minute 2025-10-15 15:27)
[2025-10-15 15:51:06] CISB-GTM3: updated CISB-GTM3_25288.RTK (minute 2025-10-15 15:28)
[2025-10-15 15:51:06] CISB-GTM3: updated CISB-GTM3_25288.RTK (minute 2025-10-15 15:29)
[2025-10-15 15:51:06] CISB-GTM3: updated CISB-GTM3_25288.RTK (minute 2025-10-15 15:30)
[2025-10-15 15:51:06] CISB-GTM3: updated CISB-GTM3_25288.RTK (minute 2025-10-15 15:31)
[2025-10-15 15:51:06] CISB-GTM3: updated CISB-GTM3_25288.RTK (minute 2025-10-15 15:32)
[2025-10-15 15:51:06] CISB-GTM3: updated CISB-GTM3_25288.RTK (minute 2025-10-15 15:33)
[2025-10-15 15:51:06] CISB-GTM3: updated CISB-GTM3_25288.RTK (minute 2025-10-15 15:34)
[2025-10-15 15:51:06] CISB-GTM3: updated CISB-GTM3_25288.RTK (minute 2025-10-15 15:35)
[2025-10-15 15:51:06] CISB-GTM3: updated CISB-GTM3_25288.RTK (minute 2025-10-15 15:36)
[2025-10-15 15:51:06] CISB-GTM3: updated CISB-GTM3_25288.RTK (minute 2025-10-15 15:37)
[2025-10-15 15:51:06] CISB-GTM3: updated CISB-GTM3_25288.RTK (minute 2025-10-15 15:38)
[2025-10-15 15:51:06] CISB-GTM3: updated CISB-GTM3_25288.RTK (minute 2025-10-15 15:39)
[2025-10-15 15:51:06] CISB-GTM3: updated CISB-GTM3_25288.RTK (minute 2025-10-15 15:40)
[2025-10-15 15:51:06] CISB-GTM3: updated CISB-GTM3_25288.RTK (minute 2025-10-15 15:41)
[2025-10-15 15:51:06] CISB-GTM3: updated CISB-GTM3_25288.RTK (minute 2025-10-15 15:42)
[2025-10-15 15:51:06] CISB-GTM3: updated CISB-GTM3_25288.RTK (minute 2025-10-15 15:43)
[2025-10-15 15:51:06] CISB-GTM3: updated CISB-GTM3_25288.RTK (minute 2025-10-15 15:44)
[2025-10-15 15:51:06] CISB-GTM3: updated CISB-GTM3_25288.RTK (minute 2025-10-15 15:45)
[2025-10-15 15:51:06] CISB-GTM3: updated CISB-GTM3_25288.RTK (minute 2025-10-15 15:46)
[2025-10-15 15:51:06] CISB-GTM3: updated CISB-GTM3_25288.RTK (minute 2025-10-15 15:47)
[2025-10-15 15:51:06] CISB-GTM3: updated CISB-GTM3_25288.RTK (minute 2025-10-15 15:48)
[2025-10-15 15:51:06] CISB-GTM3: updated CISB-GTM3_25288.RTK (minute 2025-10-15 15:49)
[2025-10-15 15:51:06] CISB-GTM3: updated CISB-GTM3_25288.RTK (minute 2025-10-15 15:50)
[2025-10-15 15:51:06] CISB-GTM3: updated CISB-GTM3_25288.RTK (minute 2025-10-15 15:51)
[2025-10-15 15:51:07] PPAD-SERR: updated PPAD-SERR_25288.RTK (minute 2025-10-15 12:48)
[2025-10-15 15:51:07] PPAD-SERR: updated PPAD-SERR_25288.RTK (minute 2025-10-15 12:49)
[2025-10-15 15:51:07] PPAD-SERR: updated PPAD-SERR_25288.RTK (minute 2025-10-15 12:50)
[2025-10-15 15:51:07] PPAD-SERR: updated PPAD-SERR_25288.RTK (minute 2025-10-15 12:51)
[2025-10-15 15:51:07] PPAD-SERR: updated PPAD-SERR_25288.RTK (minute 2025-10-15 12:52)
[2025-10-15 15:51:07] PPAD-SERR: updated PPAD-SERR_25288.RTK (minute 2025-10-15 12:53)
[2025-10-15 15:51:07] PPAD-SERR: updated PPAD-SERR_25288.RTK (minute 2025-10-15 12:54)
[2025-10-15 15:51:07] PPAD-SERR: updated PPAD-SERR_25288.RTK (minute 2025-10-15 12:55)
[2025-10-15 15:51:07] PPAD-SERR: updated PPAD-SERR_25288.RTK (minute 2025-10-15 12:56)
[2025-10-15 15:51:07] PPAD-SERR: updated PPAD-SERR_25288.RTK (minute 2025-10-15 12:57)
[2025-10-15 15:51:07] PPAD-SERR: updated PPAD-SERR_25288.RTK (minute 2025-10-15 12:58)
[2025-10-15 15:51:07] PPAD-SERR: updated PPAD-SERR_25288.RTK (minute 2025-10-15 12:59)
[2025-10-15 15:51:07] PPAD-SERR: updated PPAD-SERR_25288.RTK (minute 2025-10-15 13:00)
[2025-10-15 15:51:07] PPAD-SERR: updated PPAD-SERR_25288.RTK (minute 2025-10-15 13:01)
[2025-10-15 15:51:07] PPAD-SERR: updated PPAD-SERR_25288.RTK (minute 2025-10-15 13:02)
[2025-10-15 15:51:07] PPAD-SERR: updated PPAD-SERR_25288.RTK (minute 2025-10-15 13:03)
[2025-10-15 15:51:07] PPAD-SERR: updated PPAD-SERR_25288.RTK (minute 2025-10-15 13:04)
[2025-10-15 15:51:07] PPAD-SERR: updated PPAD-SERR_25288.RTK (minute 2025-10-15 13:05)
[2025-10-15 15:51:07] PPAD-SERR: updated PPAD-SERR_25288.RTK (minute 2025-10-15 13:06)
[2025-10-15 15:51:07] PPAD-SERR: updated PPAD-SERR_25288.RTK (minute 2025-10-15 13:07)
[2025-10-15 15:51:07] PPAD-SERR: updated PPAD-SERR_25288.RTK (minute 2025-10-15 13:08)
[2025-10-15 15:51:07] PPAD-SERR: updated PPAD-SERR_25288.RTK (minute 2025-10-15 13:09)
[2025-10-15 15:51:07] PPAD-SERR: updated PPAD-SERR_25288.RTK (minute 2025-10-15 13:10)
[2025-10-15 15:51:07] PPAD-SERR: updated PPAD-SERR_25288.RTK (minute 2025-10-15 13:11)
[2025-10-15 15:51:07] PPAD-SERR: updated PPAD-SERR_25288.RTK (minute 2025-10-15 13:12)
[2025-10-15 15:51:07] PPAD-SERR: updated PPAD-SERR_25288.RTK (minute 2025-10-15 13:13)
[2025-10-15 15:51:07] PPAD-SERR: updated PPAD-SERR_25288.RTK (minute 2025-10-15 13:14)
[2025-10-15 15:51:07] PPAD-SERR: updated PPAD-SERR_25288.RTK (minute 2025-10-15 13:15)
[2025-10-15 15:51:07] PPAD-SERR: updated PPAD-SERR_25288.RTK (minute 2025-10-15 13:16)
[2025-10-15 15:51:07] PPAD-SERR: updated PPAD-SERR_25288.RTK (minute 2025-10-15 13:17)
[2025-10-15 15:51:07] PPAD-SERR: updated PPAD-SERR_25288.RTK (minute 2025-10-15 13:18)
[2025-10-15 15:51:07] PPAD-SERR: updated PPAD-SERR_25288.RTK (minute 2025-10-15 13:19)
[2025-10-15 15:51:07] PPAD-SERR: updated PPAD-SERR_25288.RTK (minute 2025-10-15 13:20)
[2025-10-15 15:51:07] PPAD-SERR: updated PPAD-SERR_25288.RTK (minute 2025-10-15 13:21)
[2025-10-15 15:51:07] PPAD-SERR: updated PPAD-SERR_25288.RTK (minute 2025-10-15 13:22)
[2025-10-15 15:51:07] PPAD-SERR: updated PPAD-SERR_25288.RTK (minute 2025-10-15 13:23)
[2025-10-15 15:51:07] PPAD-SERR: updated PPAD-SERR_25288.RTK (minute 2025-10-15 13:24)
[2025-10-15 15:51:07] PPAD-SERR: updated PPAD-SERR_25288.RTK (minute 2025-10-15 13:25)
[2025-10-15 15:51:07] PPAD-SERR: updated PPAD-SERR_25288.RTK (minute 2025-10-15 13:26)
[2025-10-15 15:51:07] PPAD-SERR: updated PPAD-SERR_25288.RTK (minute 2025-10-15 13:27)
[2025-10-15 15:51:07] PPAD-SERR: updated PPAD-SERR_25288.RTK (minute 2025-10-15 13:28)
[2025-10-15 15:51:07] PPAD-SERR: updated PPAD-SERR_25288.RTK (minute 2025-10-15 13:29)
[2025-10-15 15:51:07] PPAD-SERR: updated PPAD-SERR_25288.RTK (minute 2025-10-15 13:30)
[2025-10-15 15:51:07] PPAD-SERR: updated PPAD-SERR_25288.RTK (minute 2025-10-15 13:31)
[2025-10-15 15:51:07] PPAD-SERR: updated PPAD-SERR_25288.RTK (minute 2025-10-15 13:32)
[2025-10-15 15:51:07] PPAD-SERR: updated PPAD-SERR_25288.RTK (minute 2025-10-15 13:33)
[2025-10-15 15:51:07] PPAD-SERR: updated PPAD-SERR_25288.RTK (minute 2025-10-15 13:34)
[2025-10-15 15:51:07] PPAD-SERR: updated PPAD-SERR_25288.RTK (minute 2025-10-15 13:35)
[2025-10-15 15:51:07] PPAD-SERR: updated PPAD-SERR_25288.RTK (minute 2025-10-15 13:36)
[2025-10-15 15:51:07] PPAD-SERR: updated PPAD-SERR_25288.RTK (minute 2025-10-15 13:37)
[2025-10-15 15:51:07] PPAD-SERR: updated PPAD-SERR_25288.RTK (minute 2025-10-15 13:38)
[2025-10-15 15:51:07] PPAD-SERR: updated PPAD-SERR_25288.RTK (minute 2025-10-15 13:39)
[2025-10-15 15:51:07] PPAD-SERR: updated PPAD-SERR_25288.RTK (minute 2025-10-15 13:40)
[2025-10-15 15:51:07] PPAD-SERR: updated PPAD-SERR_25288.RTK (minute 2025-10-15 13:41)
[2025-10-15 15:51:07] PPAD-SERR: updated PPAD-SERR_25288.RTK (minute 2025-10-15 13:42)
[2025-10-15 15:51:07] PPAD-SERR: updated PPAD-SERR_25288.RTK (minute 2025-10-15 13:43)
[2025-10-15 15:51:07] PPAD-SERR: updated PPAD-SERR_25288.RTK (minute 2025-10-15 13:44)
[2025-10-15 15:51:07] PPAD-SERR: updated PPAD-SERR_25288.RTK (minute 2025-10-15 13:45)
[2025-10-15 15:51:07] PPAD-SERR: updated PPAD-SERR_25288.RTK (minute 2025-10-15 13:46)
[2025-10-15 15:51:07] PPAD-SERR: updated PPAD-SERR_25288.RTK (minute 2025-10-15 13:47)
[2025-10-15 15:51:07] PPAD-SERR: updated PPAD-SERR_25288.RTK (minute 2025-10-15 13:48)
[2025-10-15 15:51:07] PPAD-SERR: updated PPAD-SERR_25288.RTK (minute 2025-10-15 13:49)
[2025-10-15 15:51:07] PPAD-SERR: updated PPAD-SERR_25288.RTK (minute 2025-10-15 13:50)
[2025-10-15 15:51:07] PPAD-SERR: updated PPAD-SERR_25288.RTK (minute 2025-10-15 13:51)
[2025-10-15 15:51:07] PPAD-SERR: updated PPAD-SERR_25288.RTK (minute 2025-10-15 13:52)
[2025-10-15 15:51:07] PPAD-SERR: updated PPAD-SERR_25288.RTK (minute 2025-10-15 13:53)
[2025-10-15 15:51:07] PPAD-SERR: updated PPAD-SERR_25288.RTK (minute 2025-10-15 13:54)
[2025-10-15 15:51:07] PPAD-SERR: updated PPAD-SERR_25288.RTK (minute 2025-10-15 13:55)
[2025-10-15 15:51:07] PPAD-SERR: updated PPAD-SERR_25288.RTK (minute 2025-10-15 13:56)
[2025-10-15 15:51:07] PPAD-SERR: updated PPAD-SERR_25288.RTK (minute 2025-10-15 13:57)
[2025-10-15 15:51:07] PPAD-SERR: updated PPAD-SERR_25288.RTK (minute 2025-10-15 13:58)
[2025-10-15 15:51:07] PPAD-SERR: updated PPAD-SERR_25288.RTK (minute 2025-10-15 13:59)
[2025-10-15 15:51:07] PPAD-SERR: updated PPAD-SERR_25288.RTK (minute 2025-10-15 14:00)
[2025-10-15 15:51:07] PPAD-SERR: updated PPAD-SERR_25288.RTK (minute 2025-10-15 14:01)
[2025-10-15 15:51:07] PPAD-SERR: updated PPAD-SERR_25288.RTK (minute 2025-10-15 14:02)
[2025-10-15 15:51:07] PPAD-SERR: updated PPAD-SERR_25288.RTK (minute 2025-10-15 14:03)
[2025-10-15 15:51:07] PPAD-SERR: updated PPAD-SERR_25288.RTK (minute 2025-10-15 14:04)
[2025-10-15 15:51:07] PPAD-SERR: updated PPAD-SERR_25288.RTK (minute 2025-10-15 14:05)
[2025-10-15 15:51:07] PPAD-SERR: updated PPAD-SERR_25288.RTK (minute 2025-10-15 14:06)
[2025-10-15 15:51:07] PPAD-SERR: updated PPAD-SERR_25288.RTK (minute 2025-10-15 14:07)
[2025-10-15 15:51:07] PPAD-SERR: updated PPAD-SERR_25288.RTK (minute 2025-10-15 14:08)
[2025-10-15 15:51:07] PPAD-SERR: updated PPAD-SERR_25288.RTK (minute 2025-10-15 14:09)
[2025-10-15 15:51:07] PPAD-SERR: updated PPAD-SERR_25288.RTK (minute 2025-10-15 14:10)
[2025-10-15 15:51:07] PPAD-SERR: updated PPAD-SERR_25288.RTK (minute 2025-10-15 14:11)
[2025-10-15 15:51:07] PPAD-SERR: updated PPAD-SERR_25288.RTK (minute 2025-10-15 14:12)
[2025-10-15 15:51:07] PPAD-SERR: updated PPAD-SERR_25288.RTK (minute 2025-10-15 14:13)
[2025-10-15 15:51:07] PPAD-SERR: updated PPAD-SERR_25288.RTK (minute 2025-10-15 14:14)
[2025-10-15 15:51:07] PPAD-SERR: updated PPAD-SERR_25288.RTK (minute 2025-10-15 14:15)
[2025-10-15 15:51:07] PPAD-SERR: updated PPAD-SERR_25288.RTK (minute 2025-10-15 14:16)
[2025-10-15 15:51:07] PPAD-SERR: updated PPAD-SERR_25288.RTK (minute 2025-10-15 14:17)
[2025-10-15 15:51:07] PPAD-SERR: updated PPAD-SERR_25288.RTK (minute 2025-10-15 14:18)
[2025-10-15 15:51:07] PPAD-SERR: updated PPAD-SERR_25288.RTK (minute 2025-10-15 14:19)
[2025-10-15 15:51:07] PPAD-SERR: updated PPAD-SERR_25288.RTK (minute 2025-10-15 14:20)
[2025-10-15 15:51:07] PPAD-SERR: updated PPAD-SERR_25288.RTK (minute 2025-10-15 14:21)
[2025-10-15 15:51:07] PPAD-SERR: updated PPAD-SERR_25288.RTK (minute 2025-10-15 14:22)
[2025-10-15 15:51:07] PPAD-SERR: updated PPAD-SERR_25288.RTK (minute 2025-10-15 14:23)
[2025-10-15 15:51:07] PPAD-SERR: updated PPAD-SERR_25288.RTK (minute 2025-10-15 14:24)
[2025-10-15 15:51:07] PPAD-SERR: updated PPAD-SERR_25288.RTK (minute 2025-10-15 14:25)
[2025-10-15 15:51:07] PPAD-SERR: updated PPAD-SERR_25288.RTK (minute 2025-10-15 14:26)
[2025-10-15 15:51:07] PPAD-SERR: updated PPAD-SERR_25288.RTK (minute 2025-10-15 14:27)
[2025-10-15 15:51:07] PPAD-SERR: updated PPAD-SERR_25288.RTK (minute 2025-10-15 14:28)
[2025-10-15 15:51:07] PPAD-SERR: updated PPAD-SERR_25288.RTK (minute 2025-10-15 14:29)
[2025-10-15 15:51:07] PPAD-SERR: updated PPAD-SERR_25288.RTK (minute 2025-10-15 14:30)
[2025-10-15 15:51:07] PPAD-SERR: updated PPAD-SERR_25288.RTK (minute 2025-10-15 14:31)
[2025-10-15 15:51:07] PPAD-SERR: updated PPAD-SERR_25288.RTK (minute 2025-10-15 14:32)
[2025-10-15 15:51:07] PPAD-SERR: updated PPAD-SERR_25288.RTK (minute 2025-10-15 14:33)
[2025-10-15 15:51:07] PPAD-SERR: updated PPAD-SERR_25288.RTK (minute 2025-10-15 14:34)
[2025-10-15 15:51:07] PPAD-SERR: updated PPAD-SERR_25288.RTK (minute 2025-10-15 14:35)
[2025-10-15 15:51:07] PPAD-SERR: updated PPAD-SERR_25288.RTK (minute 2025-10-15 14:36)
[2025-10-15 15:51:07] PPAD-SERR: updated PPAD-SERR_25288.RTK (minute 2025-10-15 14:37)
[2025-10-15 15:51:07] PPAD-SERR: updated PPAD-SERR_25288.RTK (minute 2025-10-15 14:38)
[2025-10-15 15:51:07] PPAD-SERR: updated PPAD-SERR_25288.RTK (minute 2025-10-15 14:39)
[2025-10-15 15:51:07] PPAD-SERR: updated PPAD-SERR_25288.RTK (minute 2025-10-15 14:40)
[2025-10-15 15:51:07] PPAD-SERR: updated PPAD-SERR_25288.RTK (minute 2025-10-15 14:41)
[2025-10-15 15:51:07] PPAD-SERR: updated PPAD-SERR_25288.RTK (minute 2025-10-15 14:42)
[2025-10-15 15:51:07] PPAD-SERR: updated PPAD-SERR_25288.RTK (minute 2025-10-15 14:43)
[2025-10-15 15:51:07] PPAD-SERR: updated PPAD-SERR_25288.RTK (minute 2025-10-15 14:44)
[2025-10-15 15:51:07] PPAD-SERR: updated PPAD-SERR_25288.RTK (minute 2025-10-15 14:45)
[2025-10-15 15:51:07] PPAD-SERR: updated PPAD-SERR_25288.RTK (minute 2025-10-15 14:46)
[2025-10-15 15:51:07] PPAD-SERR: updated PPAD-SERR_25288.RTK (minute 2025-10-15 14:47)
[2025-10-15 15:51:07] PPAD-SERR: updated PPAD-SERR_25288.RTK (minute 2025-10-15 14:48)
[2025-10-15 15:51:07] PPAD-SERR: updated PPAD-SERR_25288.RTK (minute 2025-10-15 14:49)
[2025-10-15 15:51:07] PPAD-SERR: updated PPAD-SERR_25288.RTK (minute 2025-10-15 14:50)
[2025-10-15 15:51:07] PPAD-SERR: updated PPAD-SERR_25288.RTK (minute 2025-10-15 14:51)
[2025-10-15 15:51:07] PPAD-SERR: updated PPAD-SERR_25288.RTK (minute 2025-10-15 14:52)
[2025-10-15 15:51:07] PPAD-SERR: updated PPAD-SERR_25288.RTK (minute 2025-10-15 14:53)
[2025-10-15 15:51:07] PPAD-SERR: updated PPAD-SERR_25288.RTK (minute 2025-10-15 14:54)
[2025-10-15 15:51:07] PPAD-SERR: updated PPAD-SERR_25288.RTK (minute 2025-10-15 14:55)
[2025-10-15 15:51:07] PPAD-SERR: updated PPAD-SERR_25288.RTK (minute 2025-10-15 14:56)
[2025-10-15 15:51:07] PPAD-SERR: updated PPAD-SERR_25288.RTK (minute 2025-10-15 14:57)
[2025-10-15 15:51:07] PPAD-SERR: updated PPAD-SERR_25288.RTK (minute 2025-10-15 14:58)
[2025-10-15 15:51:07] PPAD-SERR: updated PPAD-SERR_25288.RTK (minute 2025-10-15 14:59)
[2025-10-15 15:51:07] PPAD-SERR: updated PPAD-SERR_25288.RTK (minute 2025-10-15 15:00)
[2025-10-15 15:51:07] PPAD-SERR: updated PPAD-SERR_25288.RTK (minute 2025-10-15 15:01)
[2025-10-15 15:51:07] PPAD-SERR: updated PPAD-SERR_25288.RTK (minute 2025-10-15 15:02)
[2025-10-15 15:51:07] PPAD-SERR: updated PPAD-SERR_25288.RTK (minute 2025-10-15 15:03)
[2025-10-15 15:51:07] PPAD-SERR: updated PPAD-SERR_25288.RTK (minute 2025-10-15 15:04)
[2025-10-15 15:51:07] PPAD-SERR: updated PPAD-SERR_25288.RTK (minute 2025-10-15 15:05)
[2025-10-15 15:51:07] PPAD-SERR: updated PPAD-SERR_25288.RTK (minute 2025-10-15 15:06)
[2025-10-15 15:51:07] PPAD-SERR: updated PPAD-SERR_25288.RTK (minute 2025-10-15 15:07)
[2025-10-15 15:51:07] PPAD-SERR: updated PPAD-SERR_25288.RTK (minute 2025-10-15 15:08)
[2025-10-15 15:51:07] PPAD-SERR: updated PPAD-SERR_25288.RTK (minute 2025-10-15 15:09)
[2025-10-15 15:51:07] PPAD-SERR: updated PPAD-SERR_25288.RTK (minute 2025-10-15 15:10)
[2025-10-15 15:51:07] PPAD-SERR: updated PPAD-SERR_25288.RTK (minute 2025-10-15 15:11)
[2025-10-15 15:51:07] PPAD-SERR: updated PPAD-SERR_25288.RTK (minute 2025-10-15 15:12)
[2025-10-15 15:51:07] PPAD-SERR: updated PPAD-SERR_25288.RTK (minute 2025-10-15 15:13)
[2025-10-15 15:51:07] PPAD-SERR: updated PPAD-SERR_25288.RTK (minute 2025-10-15 15:14)
[2025-10-15 15:51:07] PPAD-SERR: updated PPAD-SERR_25288.RTK (minute 2025-10-15 15:15)
[2025-10-15 15:51:07] PPAD-SERR: updated PPAD-SERR_25288.RTK (minute 2025-10-15 15:16)
[2025-10-15 15:51:07] PPAD-SERR: updated PPAD-SERR_25288.RTK (minute 2025-10-15 15:17)
[2025-10-15 15:51:07] PPAD-SERR: updated PPAD-SERR_25288.RTK (minute 2025-10-15 15:18)
[2025-10-15 15:51:07] PPAD-SERR: updated PPAD-SERR_25288.RTK (minute 2025-10-15 15:19)
[2025-10-15 15:51:07] PPAD-SERR: updated PPAD-SERR_25288.RTK (minute 2025-10-15 15:20)
[2025-10-15 15:51:07] PPAD-SERR: updated PPAD-SERR_25288.RTK (minute 2025-10-15 15:21)
[2025-10-15 15:51:07] PPAD-SERR: updated PPAD-SERR_25288.RTK (minute 2025-10-15 15:22)
[2025-10-15 15:51:07] PPAD-SERR: updated PPAD-SERR_25288.RTK (minute 2025-10-15 15:23)
[2025-10-15 15:51:07] PPAD-SERR: updated PPAD-SERR_25288.RTK (minute 2025-10-15 15:24)
[2025-10-15 15:51:07] PPAD-SERR: updated PPAD-SERR_25288.RTK (minute 2025-10-15 15:25)
[2025-10-15 15:51:07] PPAD-SERR: updated PPAD-SERR_25288.RTK (minute 2025-10-15 15:26)
[2025-10-15 15:51:07] PPAD-SERR: updated PPAD-SERR_25288.RTK (minute 2025-10-15 15:27)
[2025-10-15 15:51:07] PPAD-SERR: updated PPAD-SERR_25288.RTK (minute 2025-10-15 15:28)
[2025-10-15 15:51:07] PPAD-SERR: updated PPAD-SERR_25288.RTK (minute 2025-10-15 15:29)
[2025-10-15 15:51:07] PPAD-SERR: updated PPAD-SERR_25288.RTK (minute 2025-10-15 15:30)
[2025-10-15 15:51:07] PPAD-SERR: updated PPAD-SERR_25288.RTK (minute 2025-10-15 15:31)
[2025-10-15 15:51:07] PPAD-SERR: updated PPAD-SERR_25288.RTK (minute 2025-10-15 15:32)
[2025-10-15 15:51:07] PPAD-SERR: updated PPAD-SERR_25288.RTK (minute 2025-10-15 15:33)
[2025-10-15 15:51:07] PPAD-SERR: updated PPAD-SERR_25288.RTK (minute 2025-10-15 15:34)
[2025-10-15 15:51:07] PPAD-SERR: updated PPAD-SERR_25288.RTK (minute 2025-10-15 15:35)
[2025-10-15 15:51:07] PPAD-SERR: updated PPAD-SERR_25288.RTK (minute 2025-10-15 15:36)
[2025-10-15 15:51:07] PPAD-SERR: updated PPAD-SERR_25288.RTK (minute 2025-10-15 15:37)
[2025-10-15 15:51:07] PPAD-SERR: updated PPAD-SERR_25288.RTK (minute 2025-10-15 15:38)
[2025-10-15 15:51:07] PPAD-SERR: updated PPAD-SERR_25288.RTK (minute 2025-10-15 15:39)
[2025-10-15 15:51:07] PPAD-SERR: updated PPAD-SERR_25288.RTK (minute 2025-10-15 15:40)
[2025-10-15 15:51:07] PPAD-SERR: updated PPAD-SERR_25288.RTK (minute 2025-10-15 15:41)
[2025-10-15 15:51:07] PPAD-SERR: updated PPAD-SERR_25288.RTK (minute 2025-10-15 15:42)
[2025-10-15 15:51:07] PPAD-SERR: updated PPAD-SERR_25288.RTK (minute 2025-10-15 15:43)
[2025-10-15 15:51:07] PPAD-SERR: updated PPAD-SERR_25288.RTK (minute 2025-10-15 15:44)
[2025-10-15 15:51:07] PPAD-SERR: updated PPAD-SERR_25288.RTK (minute 2025-10-15 15:45)
[2025-10-15 15:51:07] PPAD-SERR: updated PPAD-SERR_25288.RTK (minute 2025-10-15 15:46)
[2025-10-15 15:51:07] PPAD-SERR: updated PPAD-SERR_25288.RTK (minute 2025-10-15 15:47)
[2025-10-15 15:51:07] PPAD-SERR: updated PPAD-SERR_25288.RTK (minute 2025-10-15 15:48)
[2025-10-15 15:51:07] PPAD-SERR: updated PPAD-SERR_25288.RTK (minute 2025-10-15 15:49)
[2025-10-15 15:51:07] PPAD-SERR: updated PPAD-SERR_25288.RTK (minute 2025-10-15 15:50)
[2025-10-15 15:51:07] PPAD-SERR: updated PPAD-SERR_25288.RTK (minute 2025-10-15 15:51)
[2025-10-15 15:51:07] ALTA-SBAR: updated ALTA-SBAR_25288.RTK (minute 2025-10-15 12:49)
[2025-10-15 15:51:07] ALTA-SBAR: updated ALTA-SBAR_25288.RTK (minute 2025-10-15 12:50)
[2025-10-15 15:51:07] ALTA-SBAR: updated ALTA-SBAR_25288.RTK (minute 2025-10-15 12:51)
[2025-10-15 15:51:07] ALTA-SBAR: updated ALTA-SBAR_25288.RTK (minute 2025-10-15 12:52)
[2025-10-15 15:51:07] ALTA-SBAR: updated ALTA-SBAR_25288.RTK (minute 2025-10-15 12:53)
[2025-10-15 15:51:07] ALTA-SBAR: updated ALTA-SBAR_25288.RTK (minute 2025-10-15 12:54)
[2025-10-15 15:51:07] ALTA-SBAR: updated ALTA-SBAR_25288.RTK (minute 2025-10-15 12:55)
[2025-10-15 15:51:07] ALTA-SBAR: updated ALTA-SBAR_25288.RTK (minute 2025-10-15 12:56)
[2025-10-15 15:51:07] ALTA-SBAR: updated ALTA-SBAR_25288.RTK (minute 2025-10-15 12:57)
[2025-10-15 15:51:07] ALTA-SBAR: updated ALTA-SBAR_25288.RTK (minute 2025-10-15 12:58)
[2025-10-15 15:51:07] ALTA-SBAR: updated ALTA-SBAR_25288.RTK (minute 2025-10-15 12:59)
[2025-10-15 15:51:07] ALTA-SBAR: updated ALTA-SBAR_25288.RTK (minute 2025-10-15 13:00)
[2025-10-15 15:51:07] ALTA-SBAR: updated ALTA-SBAR_25288.RTK (minute 2025-10-15 13:01)
[2025-10-15 15:51:07] ALTA-SBAR: updated ALTA-SBAR_25288.RTK (minute 2025-10-15 13:02)
[2025-10-15 15:51:07] ALTA-SBAR: updated ALTA-SBAR_25288.RTK (minute 2025-10-15 13:03)
[2025-10-15 15:51:07] ALTA-SBAR: updated ALTA-SBAR_25288.RTK (minute 2025-10-15 13:04)
[2025-10-15 15:51:07] ALTA-SBAR: updated ALTA-SBAR_25288.RTK (minute 2025-10-15 13:05)
[2025-10-15 15:51:07] ALTA-SBAR: updated ALTA-SBAR_25288.RTK (minute 2025-10-15 13:06)
[2025-10-15 15:51:07] ALTA-SBAR: updated ALTA-SBAR_25288.RTK (minute 2025-10-15 13:07)
[2025-10-15 15:51:07] ALTA-SBAR: updated ALTA-SBAR_25288.RTK (minute 2025-10-15 13:08)
[2025-10-15 15:51:07] ALTA-SBAR: updated ALTA-SBAR_25288.RTK (minute 2025-10-15 13:09)
[2025-10-15 15:51:07] ALTA-SBAR: updated ALTA-SBAR_25288.RTK (minute 2025-10-15 13:10)
[2025-10-15 15:51:07] ALTA-SBAR: updated ALTA-SBAR_25288.RTK (minute 2025-10-15 13:11)
[2025-10-15 15:51:07] ALTA-SBAR: updated ALTA-SBAR_25288.RTK (minute 2025-10-15 13:12)
[2025-10-15 15:51:07] ALTA-SBAR: updated ALTA-SBAR_25288.RTK (minute 2025-10-15 13:13)
[2025-10-15 15:51:07] ALTA-SBAR: updated ALTA-SBAR_25288.RTK (minute 2025-10-15 13:14)
[2025-10-15 15:51:07] ALTA-SBAR: updated ALTA-SBAR_25288.RTK (minute 2025-10-15 13:15)
[2025-10-15 15:51:07] ALTA-SBAR: updated ALTA-SBAR_25288.RTK (minute 2025-10-15 13:16)
[2025-10-15 15:51:07] ALTA-SBAR: updated ALTA-SBAR_25288.RTK (minute 2025-10-15 13:17)
[2025-10-15 15:51:07] ALTA-SBAR: updated ALTA-SBAR_25288.RTK (minute 2025-10-15 13:18)
[2025-10-15 15:51:07] ALTA-SBAR: updated ALTA-SBAR_25288.RTK (minute 2025-10-15 13:19)
[2025-10-15 15:51:07] ALTA-SBAR: updated ALTA-SBAR_25288.RTK (minute 2025-10-15 13:20)
[2025-10-15 15:51:07] ALTA-SBAR: updated ALTA-SBAR_25288.RTK (minute 2025-10-15 13:21)
[2025-10-15 15:51:07] ALTA-SBAR: updated ALTA-SBAR_25288.RTK (minute 2025-10-15 13:22)
[2025-10-15 15:51:07] ALTA-SBAR: updated ALTA-SBAR_25288.RTK (minute 2025-10-15 13:23)
[2025-10-15 15:51:07] ALTA-SBAR: updated ALTA-SBAR_25288.RTK (minute 2025-10-15 13:24)
[2025-10-15 15:51:07] ALTA-SBAR: updated ALTA-SBAR_25288.RTK (minute 2025-10-15 13:25)
[2025-10-15 15:51:07] ALTA-SBAR: updated ALTA-SBAR_25288.RTK (minute 2025-10-15 13:26)
[2025-10-15 15:51:07] ALTA-SBAR: updated ALTA-SBAR_25288.RTK (minute 2025-10-15 13:27)
[2025-10-15 15:51:07] ALTA-SBAR: updated ALTA-SBAR_25288.RTK (minute 2025-10-15 13:28)
[2025-10-15 15:51:07] ALTA-SBAR: updated ALTA-SBAR_25288.RTK (minute 2025-10-15 13:29)
[2025-10-15 15:51:07] ALTA-SBAR: updated ALTA-SBAR_25288.RTK (minute 2025-10-15 13:30)
[2025-10-15 15:51:07] ALTA-SBAR: updated ALTA-SBAR_25288.RTK (minute 2025-10-15 13:31)
[2025-10-15 15:51:07] ALTA-SBAR: updated ALTA-SBAR_25288.RTK (minute 2025-10-15 13:32)
[2025-10-15 15:51:07] ALTA-SBAR: updated ALTA-SBAR_25288.RTK (minute 2025-10-15 13:33)
[2025-10-15 15:51:07] ALTA-SBAR: updated ALTA-SBAR_25288.RTK (minute 2025-10-15 13:34)
[2025-10-15 15:51:07] ALTA-SBAR: updated ALTA-SBAR_25288.RTK (minute 2025-10-15 13:35)
[2025-10-15 15:51:07] ALTA-SBAR: updated ALTA-SBAR_25288.RTK (minute 2025-10-15 13:36)
[2025-10-15 15:51:07] ALTA-SBAR: updated ALTA-SBAR_25288.RTK (minute 2025-10-15 13:37)
[2025-10-15 15:51:07] ALTA-SBAR: updated ALTA-SBAR_25288.RTK (minute 2025-10-15 13:38)
[2025-10-15 15:51:07] ALTA-SBAR: updated ALTA-SBAR_25288.RTK (minute 2025-10-15 13:39)
[2025-10-15 15:51:07] ALTA-SBAR: updated ALTA-SBAR_25288.RTK (minute 2025-10-15 13:40)
[2025-10-15 15:51:07] ALTA-SBAR: updated ALTA-SBAR_25288.RTK (minute 2025-10-15 13:41)
[2025-10-15 15:51:07] ALTA-SBAR: updated ALTA-SBAR_25288.RTK (minute 2025-10-15 13:42)
[2025-10-15 15:51:07] ALTA-SBAR: updated ALTA-SBAR_25288.RTK (minute 2025-10-15 13:43)
[2025-10-15 15:51:07] ALTA-SBAR: updated ALTA-SBAR_25288.RTK (minute 2025-10-15 13:44)
[2025-10-15 15:51:07] ALTA-SBAR: updated ALTA-SBAR_25288.RTK (minute 2025-10-15 13:45)
[2025-10-15 15:51:07] ALTA-SBAR: updated ALTA-SBAR_25288.RTK (minute 2025-10-15 13:46)
[2025-10-15 15:51:07] ALTA-SBAR: updated ALTA-SBAR_25288.RTK (minute 2025-10-15 13:47)
[2025-10-15 15:51:07] ALTA-SBAR: updated ALTA-SBAR_25288.RTK (minute 2025-10-15 13:48)
[2025-10-15 15:51:07] ALTA-SBAR: updated ALTA-SBAR_25288.RTK (minute 2025-10-15 13:49)
[2025-10-15 15:51:07] ALTA-SBAR: updated ALTA-SBAR_25288.RTK (minute 2025-10-15 13:50)
[2025-10-15 15:51:07] ALTA-SBAR: updated ALTA-SBAR_25288.RTK (minute 2025-10-15 13:51)
[2025-10-15 15:51:07] ALTA-SBAR: updated ALTA-SBAR_25288.RTK (minute 2025-10-15 13:52)
[2025-10-15 15:51:07] ALTA-SBAR: updated ALTA-SBAR_25288.RTK (minute 2025-10-15 13:53)
[2025-10-15 15:51:07] ALTA-SBAR: updated ALTA-SBAR_25288.RTK (minute 2025-10-15 13:54)
[2025-10-15 15:51:07] ALTA-SBAR: updated ALTA-SBAR_25288.RTK (minute 2025-10-15 13:55)
[2025-10-15 15:51:07] ALTA-SBAR: updated ALTA-SBAR_25288.RTK (minute 2025-10-15 13:56)
[2025-10-15 15:51:07] ALTA-SBAR: updated ALTA-SBAR_25288.RTK (minute 2025-10-15 13:57)
[2025-10-15 15:51:07] ALTA-SBAR: updated ALTA-SBAR_25288.RTK (minute 2025-10-15 13:58)
[2025-10-15 15:51:07] ALTA-SBAR: updated ALTA-SBAR_25288.RTK (minute 2025-10-15 13:59)
[2025-10-15 15:51:07] ALTA-SBAR: updated ALTA-SBAR_25288.RTK (minute 2025-10-15 14:00)
[2025-10-15 15:51:07] ALTA-SBAR: updated ALTA-SBAR_25288.RTK (minute 2025-10-15 14:01)
[2025-10-15 15:51:07] ALTA-SBAR: updated ALTA-SBAR_25288.RTK (minute 2025-10-15 14:02)
[2025-10-15 15:51:07] ALTA-SBAR: updated ALTA-SBAR_25288.RTK (minute 2025-10-15 14:03)
[2025-10-15 15:51:07] ALTA-SBAR: updated ALTA-SBAR_25288.RTK (minute 2025-10-15 14:04)
[2025-10-15 15:51:07] ALTA-SBAR: updated ALTA-SBAR_25288.RTK (minute 2025-10-15 14:05)
[2025-10-15 15:51:07] ALTA-SBAR: updated ALTA-SBAR_25288.RTK (minute 2025-10-15 14:06)
[2025-10-15 15:51:07] ALTA-SBAR: updated ALTA-SBAR_25288.RTK (minute 2025-10-15 14:07)
[2025-10-15 15:51:07] ALTA-SBAR: updated ALTA-SBAR_25288.RTK (minute 2025-10-15 14:08)
[2025-10-15 15:51:07] ALTA-SBAR: updated ALTA-SBAR_25288.RTK (minute 2025-10-15 14:09)
[2025-10-15 15:51:07] ALTA-SBAR: updated ALTA-SBAR_25288.RTK (minute 2025-10-15 14:10)
[2025-10-15 15:51:07] ALTA-SBAR: updated ALTA-SBAR_25288.RTK (minute 2025-10-15 14:11)
[2025-10-15 15:51:07] ALTA-SBAR: updated ALTA-SBAR_25288.RTK (minute 2025-10-15 14:12)
[2025-10-15 15:51:07] ALTA-SBAR: updated ALTA-SBAR_25288.RTK (minute 2025-10-15 14:13)
[2025-10-15 15:51:07] ALTA-SBAR: updated ALTA-SBAR_25288.RTK (minute 2025-10-15 14:14)
[2025-10-15 15:51:07] ALTA-SBAR: updated ALTA-SBAR_25288.RTK (minute 2025-10-15 14:15)
[2025-10-15 15:51:07] ALTA-SBAR: updated ALTA-SBAR_25288.RTK (minute 2025-10-15 14:16)
[2025-10-15 15:51:07] ALTA-SBAR: updated ALTA-SBAR_25288.RTK (minute 2025-10-15 14:17)
[2025-10-15 15:51:07] ALTA-SBAR: updated ALTA-SBAR_25288.RTK (minute 2025-10-15 14:18)
[2025-10-15 15:51:07] ALTA-SBAR: updated ALTA-SBAR_25288.RTK (minute 2025-10-15 14:19)
[2025-10-15 15:51:07] ALTA-SBAR: updated ALTA-SBAR_25288.RTK (minute 2025-10-15 14:20)
[2025-10-15 15:51:07] ALTA-SBAR: updated ALTA-SBAR_25288.RTK (minute 2025-10-15 14:21)
[2025-10-15 15:51:07] ALTA-SBAR: updated ALTA-SBAR_25288.RTK (minute 2025-10-15 14:22)
[2025-10-15 15:51:07] ALTA-SBAR: updated ALTA-SBAR_25288.RTK (minute 2025-10-15 14:23)
[2025-10-15 15:51:07] ALTA-SBAR: updated ALTA-SBAR_25288.RTK (minute 2025-10-15 14:24)
[2025-10-15 15:51:07] ALTA-SBAR: updated ALTA-SBAR_25288.RTK (minute 2025-10-15 14:25)
[2025-10-15 15:51:07] ALTA-SBAR: updated ALTA-SBAR_25288.RTK (minute 2025-10-15 14:26)
[2025-10-15 15:51:07] ALTA-SBAR: updated ALTA-SBAR_25288.RTK (minute 2025-10-15 14:27)
[2025-10-15 15:51:07] ALTA-SBAR: updated ALTA-SBAR_25288.RTK (minute 2025-10-15 14:28)
[2025-10-15 15:51:07] ALTA-SBAR: updated ALTA-SBAR_25288.RTK (minute 2025-10-15 14:29)
[2025-10-15 15:51:07] ALTA-SBAR: updated ALTA-SBAR_25288.RTK (minute 2025-10-15 14:30)
[2025-10-15 15:51:07] ALTA-SBAR: updated ALTA-SBAR_25288.RTK (minute 2025-10-15 14:31)
[2025-10-15 15:51:07] ALTA-SBAR: updated ALTA-SBAR_25288.RTK (minute 2025-10-15 14:32)
[2025-10-15 15:51:07] ALTA-SBAR: updated ALTA-SBAR_25288.RTK (minute 2025-10-15 14:33)
[2025-10-15 15:51:07] ALTA-SBAR: updated ALTA-SBAR_25288.RTK (minute 2025-10-15 14:34)
[2025-10-15 15:51:07] ALTA-SBAR: updated ALTA-SBAR_25288.RTK (minute 2025-10-15 14:35)
[2025-10-15 15:51:07] ALTA-SBAR: updated ALTA-SBAR_25288.RTK (minute 2025-10-15 14:36)
[2025-10-15 15:51:07] ALTA-SBAR: updated ALTA-SBAR_25288.RTK (minute 2025-10-15 14:37)
[2025-10-15 15:51:07] ALTA-SBAR: updated ALTA-SBAR_25288.RTK (minute 2025-10-15 14:38)
[2025-10-15 15:51:07] ALTA-SBAR: updated ALTA-SBAR_25288.RTK (minute 2025-10-15 14:39)
[2025-10-15 15:51:07] ALTA-SBAR: updated ALTA-SBAR_25288.RTK (minute 2025-10-15 14:40)
[2025-10-15 15:51:07] ALTA-SBAR: updated ALTA-SBAR_25288.RTK (minute 2025-10-15 14:41)
[2025-10-15 15:51:07] ALTA-SBAR: updated ALTA-SBAR_25288.RTK (minute 2025-10-15 14:42)
[2025-10-15 15:51:07] ALTA-SBAR: updated ALTA-SBAR_25288.RTK (minute 2025-10-15 14:43)
[2025-10-15 15:51:07] ALTA-SBAR: updated ALTA-SBAR_25288.RTK (minute 2025-10-15 14:44)
[2025-10-15 15:51:07] ALTA-SBAR: updated ALTA-SBAR_25288.RTK (minute 2025-10-15 14:45)
[2025-10-15 15:51:07] ALTA-SBAR: updated ALTA-SBAR_25288.RTK (minute 2025-10-15 14:46)
[2025-10-15 15:51:07] ALTA-SBAR: updated ALTA-SBAR_25288.RTK (minute 2025-10-15 14:47)
[2025-10-15 15:51:07] ALTA-SBAR: updated ALTA-SBAR_25288.RTK (minute 2025-10-15 14:48)
[2025-10-15 15:51:07] ALTA-SBAR: updated ALTA-SBAR_25288.RTK (minute 2025-10-15 14:49)
[2025-10-15 15:51:07] ALTA-SBAR: updated ALTA-SBAR_25288.RTK (minute 2025-10-15 14:50)
[2025-10-15 15:51:07] ALTA-SBAR: updated ALTA-SBAR_25288.RTK (minute 2025-10-15 14:51)
[2025-10-15 15:51:07] ALTA-SBAR: updated ALTA-SBAR_25288.RTK (minute 2025-10-15 14:52)
[2025-10-15 15:51:07] ALTA-SBAR: updated ALTA-SBAR_25288.RTK (minute 2025-10-15 14:53)
[2025-10-15 15:51:07] ALTA-SBAR: updated ALTA-SBAR_25288.RTK (minute 2025-10-15 14:54)
[2025-10-15 15:51:07] ALTA-SBAR: updated ALTA-SBAR_25288.RTK (minute 2025-10-15 14:55)
[2025-10-15 15:51:07] ALTA-SBAR: updated ALTA-SBAR_25288.RTK (minute 2025-10-15 14:56)
[2025-10-15 15:51:07] ALTA-SBAR: updated ALTA-SBAR_25288.RTK (minute 2025-10-15 14:57)
[2025-10-15 15:51:07] ALTA-SBAR: updated ALTA-SBAR_25288.RTK (minute 2025-10-15 14:58)
[2025-10-15 15:51:07] ALTA-SBAR: updated ALTA-SBAR_25288.RTK (minute 2025-10-15 14:59)
[2025-10-15 15:51:07] ALTA-SBAR: updated ALTA-SBAR_25288.RTK (minute 2025-10-15 15:00)
[2025-10-15 15:51:07] ALTA-SBAR: updated ALTA-SBAR_25288.RTK (minute 2025-10-15 15:01)
[2025-10-15 15:51:07] ALTA-SBAR: updated ALTA-SBAR_25288.RTK (minute 2025-10-15 15:02)
[2025-10-15 15:51:07] ALTA-SBAR: updated ALTA-SBAR_25288.RTK (minute 2025-10-15 15:03)
[2025-10-15 15:51:07] ALTA-SBAR: updated ALTA-SBAR_25288.RTK (minute 2025-10-15 15:04)
[2025-10-15 15:51:07] ALTA-SBAR: updated ALTA-SBAR_25288.RTK (minute 2025-10-15 15:05)
[2025-10-15 15:51:07] ALTA-SBAR: updated ALTA-SBAR_25288.RTK (minute 2025-10-15 15:06)
[2025-10-15 15:51:07] ALTA-SBAR: updated ALTA-SBAR_25288.RTK (minute 2025-10-15 15:07)
[2025-10-15 15:51:07] ALTA-SBAR: updated ALTA-SBAR_25288.RTK (minute 2025-10-15 15:08)
[2025-10-15 15:51:07] ALTA-SBAR: updated ALTA-SBAR_25288.RTK (minute 2025-10-15 15:09)
[2025-10-15 15:51:07] ALTA-SBAR: updated ALTA-SBAR_25288.RTK (minute 2025-10-15 15:10)
[2025-10-15 15:51:07] ALTA-SBAR: updated ALTA-SBAR_25288.RTK (minute 2025-10-15 15:11)
[2025-10-15 15:51:07] ALTA-SBAR: updated ALTA-SBAR_25288.RTK (minute 2025-10-15 15:12)
[2025-10-15 15:51:07] ALTA-SBAR: updated ALTA-SBAR_25288.RTK (minute 2025-10-15 15:13)
[2025-10-15 15:51:07] ALTA-SBAR: updated ALTA-SBAR_25288.RTK (minute 2025-10-15 15:14)
[2025-10-15 15:51:07] ALTA-SBAR: updated ALTA-SBAR_25288.RTK (minute 2025-10-15 15:15)
[2025-10-15 15:51:07] ALTA-SBAR: updated ALTA-SBAR_25288.RTK (minute 2025-10-15 15:16)
[2025-10-15 15:51:07] ALTA-SBAR: updated ALTA-SBAR_25288.RTK (minute 2025-10-15 15:17)
[2025-10-15 15:51:07] ALTA-SBAR: updated ALTA-SBAR_25288.RTK (minute 2025-10-15 15:18)
[2025-10-15 15:51:07] ALTA-SBAR: updated ALTA-SBAR_25288.RTK (minute 2025-10-15 15:19)
[2025-10-15 15:51:07] ALTA-SBAR: updated ALTA-SBAR_25288.RTK (minute 2025-10-15 15:20)
[2025-10-15 15:51:07] ALTA-SBAR: updated ALTA-SBAR_25288.RTK (minute 2025-10-15 15:21)
[2025-10-15 15:51:07] ALTA-SBAR: updated ALTA-SBAR_25288.RTK (minute 2025-10-15 15:22)
[2025-10-15 15:51:07] ALTA-SBAR: updated ALTA-SBAR_25288.RTK (minute 2025-10-15 15:23)
[2025-10-15 15:51:07] ALTA-SBAR: updated ALTA-SBAR_25288.RTK (minute 2025-10-15 15:24)
[2025-10-15 15:51:07] ALTA-SBAR: updated ALTA-SBAR_25288.RTK (minute 2025-10-15 15:25)
[2025-10-15 15:51:07] ALTA-SBAR: updated ALTA-SBAR_25288.RTK (minute 2025-10-15 15:26)
[2025-10-15 15:51:07] ALTA-SBAR: updated ALTA-SBAR_25288.RTK (minute 2025-10-15 15:27)
[2025-10-15 15:51:07] ALTA-SBAR: updated ALTA-SBAR_25288.RTK (minute 2025-10-15 15:28)
[2025-10-15 15:51:07] ALTA-SBAR: updated ALTA-SBAR_25288.RTK (minute 2025-10-15 15:29)
[2025-10-15 15:51:07] ALTA-SBAR: updated ALTA-SBAR_25288.RTK (minute 2025-10-15 15:30)
[2025-10-15 15:51:07] ALTA-SBAR: updated ALTA-SBAR_25288.RTK (minute 2025-10-15 15:31)
[2025-10-15 15:51:07] ALTA-SBAR: updated ALTA-SBAR_25288.RTK (minute 2025-10-15 15:32)
[2025-10-15 15:51:07] ALTA-SBAR: updated ALTA-SBAR_25288.RTK (minute 2025-10-15 15:33)
[2025-10-15 15:51:07] ALTA-SBAR: updated ALTA-SBAR_25288.RTK (minute 2025-10-15 15:34)
[2025-10-15 15:51:07] ALTA-SBAR: updated ALTA-SBAR_25288.RTK (minute 2025-10-15 15:35)
[2025-10-15 15:51:07] ALTA-SBAR: updated ALTA-SBAR_25288.RTK (minute 2025-10-15 15:36)
[2025-10-15 15:51:07] ALTA-SBAR: updated ALTA-SBAR_25288.RTK (minute 2025-10-15 15:37)
[2025-10-15 15:51:07] ALTA-SBAR: updated ALTA-SBAR_25288.RTK (minute 2025-10-15 15:38)
[2025-10-15 15:51:07] ALTA-SBAR: updated ALTA-SBAR_25288.RTK (minute 2025-10-15 15:39)
[2025-10-15 15:51:07] ALTA-SBAR: updated ALTA-SBAR_25288.RTK (minute 2025-10-15 15:40)
[2025-10-15 15:51:07] ALTA-SBAR: updated ALTA-SBAR_25288.RTK (minute 2025-10-15 15:41)
[2025-10-15 15:51:07] ALTA-SBAR: updated ALTA-SBAR_25288.RTK (minute 2025-10-15 15:42)
[2025-10-15 15:51:07] ALTA-SBAR: updated ALTA-SBAR_25288.RTK (minute 2025-10-15 15:43)
[2025-10-15 15:51:07] ALTA-SBAR: updated ALTA-SBAR_25288.RTK (minute 2025-10-15 15:44)
[2025-10-15 15:51:07] ALTA-SBAR: updated ALTA-SBAR_25288.RTK (minute 2025-10-15 15:45)
[2025-10-15 15:51:07] ALTA-SBAR: updated ALTA-SBAR_25288.RTK (minute 2025-10-15 15:46)
[2025-10-15 15:51:07] ALTA-SBAR: updated ALTA-SBAR_25288.RTK (minute 2025-10-15 15:47)
[2025-10-15 15:51:07] ALTA-SBAR: updated ALTA-SBAR_25288.RTK (minute 2025-10-15 15:48)
[2025-10-15 15:51:07] ALTA-SBAR: updated ALTA-SBAR_25288.RTK (minute 2025-10-15 15:49)
[2025-10-15 15:51:07] ALTA-SBAR: updated ALTA-SBAR_25288.RTK (minute 2025-10-15 15:50)
[2025-10-15 15:51:07] ALTA-SBAR: updated ALTA-SBAR_25288.RTK (minute 2025-10-15 15:51)
[2025-10-15 15:51:07] === alert_rtk done ===
